kotlin version: 2.0.0
error message: org.jetbrains.kotlin.backend.common.BackendException: Backend Internal error: Exception during IR lowering
File being compiled: /Users/home_folder/AndroidStudioProjects/PiggyBank/core/navigation/src/main/kotlin/com/yanchelenko/piggybank/navigation/ui/OnLifecycleEvent.kt
The root cause java.lang.RuntimeException was thrown at: org.jetbrains.kotlin.backend.jvm.codegen.FunctionCodegen.generate(FunctionCodegen.kt:50)
	at org.jetbrains.kotlin.backend.common.CodegenUtil.reportBackendException(CodegenUtil.kt:253)
	at org.jetbrains.kotlin.backend.common.CodegenUtil.reportBackendException$default(CodegenUtil.kt:236)
	at org.jetbrains.kotlin.backend.common.phaser.PerformByIrFilePhase.invokeSequential(performByIrFile.kt:65)
	at org.jetbrains.kotlin.backend.common.phaser.PerformByIrFilePhase.invoke(performByIrFile.kt:52)
	at org.jetbrains.kotlin.backend.common.phaser.PerformByIrFilePhase.invoke(performByIrFile.kt:38)
	at org.jetbrains.kotlin.backend.common.phaser.NamedCompilerPhase.phaseBody(CompilerPhase.kt:166)
	at org.jetbrains.kotlin.backend.common.phaser.AbstractNamedCompilerPhase.invoke(CompilerPhase.kt:113)
	at org.jetbrains.kotlin.backend.common.phaser.CompositePhase.invoke(PhaseBuilders.kt:29)
	at org.jetbrains.kotlin.backend.common.phaser.CompositePhase.invoke(PhaseBuilders.kt:16)
	at org.jetbrains.kotlin.backend.common.phaser.NamedCompilerPhase.phaseBody(CompilerPhase.kt:166)
	at org.jetbrains.kotlin.backend.common.phaser.AbstractNamedCompilerPhase.invoke(CompilerPhase.kt:113)
	at org.jetbrains.kotlin.backend.common.phaser.CompilerPhaseKt.invokeToplevel(CompilerPhase.kt:62)
	at org.jetbrains.kotlin.backend.jvm.JvmIrCodegenFactory.invokeCodegen(JvmIrCodegenFactory.kt:371)
	at org.jetbrains.kotlin.codegen.CodegenFactory.generateModule(CodegenFactory.kt:47)
	at org.jetbrains.kotlin.backend.jvm.JvmIrCodegenFactory.generateModuleInFrontendIRMode(JvmIrCodegenFactory.kt:433)
	at org.jetbrains.kotlin.cli.jvm.compiler.pipeline.JvmCompilerPipelineKt.generateCodeFromIr(jvmCompilerPipeline.kt:241)
	at org.jetbrains.kotlin.cli.jvm.compiler.pipeline.JvmCompilerPipelineKt.compileModulesUsingFrontendIrAndLightTree(jvmCompilerPipeline.kt:140)
	at org.jetbrains.kotlin.cli.jvm.K2JVMCompiler.doExecute(K2JVMCompiler.kt:155)
	at org.jetbrains.kotlin.cli.jvm.K2JVMCompiler.doExecute(K2JVMCompiler.kt:50)
	at org.jetbrains.kotlin.cli.common.CLICompiler.execImpl(CLICompiler.kt:104)
	at org.jetbrains.kotlin.cli.common.CLICompiler.execImpl(CLICompiler.kt:48)
	at org.jetbrains.kotlin.cli.common.CLITool.exec(CLITool.kt:101)
	at org.jetbrains.kotlin.incremental.IncrementalJvmCompilerRunner.runCompiler(IncrementalJvmCompilerRunner.kt:453)
	at org.jetbrains.kotlin.incremental.IncrementalJvmCompilerRunner.runCompiler(IncrementalJvmCompilerRunner.kt:62)
	at org.jetbrains.kotlin.incremental.IncrementalCompilerRunner.doCompile(IncrementalCompilerRunner.kt:506)
	at org.jetbrains.kotlin.incremental.IncrementalCompilerRunner.compileImpl(IncrementalCompilerRunner.kt:423)
	at org.jetbrains.kotlin.incremental.IncrementalCompilerRunner.tryCompileIncrementally$lambda$9$compile(IncrementalCompilerRunner.kt:249)
	at org.jetbrains.kotlin.incremental.IncrementalCompilerRunner.tryCompileIncrementally(IncrementalCompilerRunner.kt:267)
	at org.jetbrains.kotlin.incremental.IncrementalCompilerRunner.compile(IncrementalCompilerRunner.kt:120)
	at org.jetbrains.kotlin.daemon.CompileServiceImplBase.execIncrementalCompiler(CompileServiceImpl.kt:676)
	at org.jetbrains.kotlin.daemon.CompileServiceImplBase.access$execIncrementalCompiler(CompileServiceImpl.kt:92)
	at org.jetbrains.kotlin.daemon.CompileServiceImpl.compile(CompileServiceImpl.kt:1661)
	at java.base/jdk.internal.reflect.DirectMethodHandleAccessor.invoke(Unknown Source)
	at java.base/java.lang.reflect.Method.invoke(Unknown Source)
	at java.rmi/sun.rmi.server.UnicastServerRef.dispatch(Unknown Source)
	at java.rmi/sun.rmi.transport.Transport$1.run(Unknown Source)
	at java.rmi/sun.rmi.transport.Transport$1.run(Unknown Source)
	at java.base/java.security.AccessController.doPrivileged(Unknown Source)
	at java.rmi/sun.rmi.transport.Transport.serviceCall(Unknown Source)
	at java.rmi/sun.rmi.transport.tcp.TCPTransport.handleMessages(Unknown Source)
	at java.rmi/sun.rmi.transport.tcp.TCPTransport$ConnectionHandler.run0(Unknown Source)
	at java.rmi/sun.rmi.transport.tcp.TCPTransport$ConnectionHandler.lambda$run$0(Unknown Source)
	at java.base/java.security.AccessController.doPrivileged(Unknown Source)
	at java.rmi/sun.rmi.transport.tcp.TCPTransport$ConnectionHandler.run(Unknown Source)
	at java.base/java.util.concurrent.ThreadPoolExecutor.runWorker(Unknown Source)
	at java.base/java.util.concurrent.ThreadPoolExecutor$Worker.run(Unknown Source)
	at java.base/java.lang.Thread.run(Unknown Source)
Caused by: java.lang.RuntimeException: Exception while generating code for:
FUN name:OnLifecycleEvent visibility:public modality:FINAL <> (route:kotlin.String, onResume:kotlin.Function0<kotlin.Unit>?, onDestroy:kotlin.Function0<kotlin.Unit>?) returnType:kotlin.Unit
  annotations:
    Composable
  VALUE_PARAMETER name:route index:0 type:kotlin.String
  VALUE_PARAMETER name:onResume index:1 type:kotlin.Function0<kotlin.Unit>?
    EXPRESSION_BODY
      ERROR_EXPR 'Default Stub' type=kotlin.Function0<kotlin.Unit>?
  VALUE_PARAMETER name:onDestroy index:2 type:kotlin.Function0<kotlin.Unit>?
    EXPRESSION_BODY
      ERROR_EXPR 'Default Stub' type=kotlin.Function0<kotlin.Unit>?
  BLOCK_BODY
    VAR name:navController type:androidx.navigation.NavController [val]
      CALL 'public final fun <get-current> (): T of androidx.compose.runtime.CompositionLocal [inline] declared in androidx.compose.runtime.CompositionLocal' type=androidx.navigation.NavController origin=GET_PROPERTY
        $this: TYPE_OP type=androidx.compose.runtime.CompositionLocal<T of androidx.compose.runtime.CompositionLocal> origin=IMPLICIT_CAST typeOperand=androidx.compose.runtime.CompositionLocal<T of androidx.compose.runtime.CompositionLocal>
          CALL 'public final fun <get-LocalNavController> (): androidx.compose.runtime.ProvidableCompositionLocal<androidx.navigation.NavController> declared in com.yanchelenko.piggybank.navigation.LocalNavControllerKt' type=androidx.compose.runtime.ProvidableCompositionLocal<androidx.navigation.NavController> origin=GET_PROPERTY
    CALL 'public final fun LaunchedEffect (key1: kotlin.Any?, block: @[ExtensionFunctionType] kotlin.coroutines.SuspendFunction1<kotlinx.coroutines.CoroutineScope, kotlin.Unit>): kotlin.Unit declared in androidx.compose.runtime.EffectsKt' type=kotlin.Unit origin=null
      key1: GET_VAR 'route: kotlin.String declared in com.yanchelenko.piggybank.navigation.ui.OnLifecycleEventKt.OnLifecycleEvent' type=kotlin.String origin=null
      block: BLOCK type=com.yanchelenko.piggybank.navigation.ui.OnLifecycleEventKt.OnLifecycleEvent.<no name provided> origin=null
        CLASS SUSPEND_LAMBDA CLASS name:<no name provided> modality:FINAL visibility:public/*package*/ superTypes:[kotlin.coroutines.jvm.internal.SuspendLambda; kotlin.jvm.functions.Function2<kotlinx.coroutines.CoroutineScope, kotlin.coroutines.Continuation<kotlin.Unit>?, kotlin.Any?>]
          $this: VALUE_PARAMETER INSTANCE_RECEIVER name:<this> type:com.yanchelenko.piggybank.navigation.ui.OnLifecycleEventKt.OnLifecycleEvent.<no name provided>
          FIELD name:label type:kotlin.Int visibility:public/*package*/
          CONSTRUCTOR SUSPEND_LAMBDA visibility:public/*package*/ <> ($navController:androidx.navigation.NavController, $route:kotlin.String, $onResume:kotlin.Function0<kotlin.Unit>?, $onDestroy:kotlin.Function0<kotlin.Unit>?, $completion:kotlin.coroutines.Continuation<com.yanchelenko.piggybank.navigation.ui.OnLifecycleEventKt.OnLifecycleEvent.<no name provided>>?) returnType:com.yanchelenko.piggybank.navigation.ui.OnLifecycleEventKt.OnLifecycleEvent.<no name provided> [primary]
            VALUE_PARAMETER BOUND_VALUE_PARAMETER name:$navController index:0 type:androidx.navigation.NavController
            VALUE_PARAMETER BOUND_VALUE_PARAMETER name:$route index:1 type:kotlin.String
            VALUE_PARAMETER BOUND_VALUE_PARAMETER name:$onResume index:2 type:kotlin.Function0<kotlin.Unit>?
            VALUE_PARAMETER BOUND_VALUE_PARAMETER name:$onDestroy index:3 type:kotlin.Function0<kotlin.Unit>?
            VALUE_PARAMETER name:$completion index:4 type:kotlin.coroutines.Continuation<com.yanchelenko.piggybank.navigation.ui.OnLifecycleEventKt.OnLifecycleEvent.<no name provided>>?
            BLOCK_BODY
              SET_FIELD 'FIELD FIELD_FOR_CAPTURED_VALUE name:$navController type:androidx.navigation.NavController visibility:public/*package*/ [final]' type=kotlin.Unit origin=INITIALIZER_OF_FIELD_FOR_CAPTURED_VALUE
                receiver: GET_VAR '<this>: com.yanchelenko.piggybank.navigation.ui.OnLifecycleEventKt.OnLifecycleEvent.<no name provided> declared in com.yanchelenko.piggybank.navigation.ui.OnLifecycleEventKt.OnLifecycleEvent.<no name provided>' type=com.yanchelenko.piggybank.navigation.ui.OnLifecycleEventKt.OnLifecycleEvent.<no name provided> origin=null
                value: GET_VAR '$navController: androidx.navigation.NavController declared in com.yanchelenko.piggybank.navigation.ui.OnLifecycleEventKt.OnLifecycleEvent.<no name provided>.<init>' type=androidx.navigation.NavController origin=null
              SET_FIELD 'FIELD FIELD_FOR_CAPTURED_VALUE name:$route type:kotlin.String visibility:public/*package*/ [final]' type=kotlin.Unit origin=INITIALIZER_OF_FIELD_FOR_CAPTURED_VALUE
                receiver: GET_VAR '<this>: com.yanchelenko.piggybank.navigation.ui.OnLifecycleEventKt.OnLifecycleEvent.<no name provided> declared in com.yanchelenko.piggybank.navigation.ui.OnLifecycleEventKt.OnLifecycleEvent.<no name provided>' type=com.yanchelenko.piggybank.navigation.ui.OnLifecycleEventKt.OnLifecycleEvent.<no name provided> origin=null
                value: GET_VAR '$route: kotlin.String declared in com.yanchelenko.piggybank.navigation.ui.OnLifecycleEventKt.OnLifecycleEvent.<no name provided>.<init>' type=kotlin.String origin=null
              SET_FIELD 'FIELD FIELD_FOR_CAPTURED_VALUE name:$onResume type:kotlin.Function0<kotlin.Unit>? visibility:public/*package*/ [final]' type=kotlin.Unit origin=INITIALIZER_OF_FIELD_FOR_CAPTURED_VALUE
                receiver: GET_VAR '<this>: com.yanchelenko.piggybank.navigation.ui.OnLifecycleEventKt.OnLifecycleEvent.<no name provided> declared in com.yanchelenko.piggybank.navigation.ui.OnLifecycleEventKt.OnLifecycleEvent.<no name provided>' type=com.yanchelenko.piggybank.navigation.ui.OnLifecycleEventKt.OnLifecycleEvent.<no name provided> origin=null
                value: GET_VAR '$onResume: kotlin.Function0<kotlin.Unit>? declared in com.yanchelenko.piggybank.navigation.ui.OnLifecycleEventKt.OnLifecycleEvent.<no name provided>.<init>' type=kotlin.Function0<kotlin.Unit>? origin=null
              SET_FIELD 'FIELD FIELD_FOR_CAPTURED_VALUE name:$onDestroy type:kotlin.Function0<kotlin.Unit>? visibility:public/*package*/ [final]' type=kotlin.Unit origin=INITIALIZER_OF_FIELD_FOR_CAPTURED_VALUE
                receiver: GET_VAR '<this>: com.yanchelenko.piggybank.navigation.ui.OnLifecycleEventKt.OnLifecycleEvent.<no name provided> declared in com.yanchelenko.piggybank.navigation.ui.OnLifecycleEventKt.OnLifecycleEvent.<no name provided>' type=com.yanchelenko.piggybank.navigation.ui.OnLifecycleEventKt.OnLifecycleEvent.<no name provided> origin=null
                value: GET_VAR '$onDestroy: kotlin.Function0<kotlin.Unit>? declared in com.yanchelenko.piggybank.navigation.ui.OnLifecycleEventKt.OnLifecycleEvent.<no name provided>.<init>' type=kotlin.Function0<kotlin.Unit>? origin=null
              DELEGATING_CONSTRUCTOR_CALL 'public constructor <init> (arity: kotlin.Int, $completion: kotlin.coroutines.Continuation<kotlin.Any?>?) declared in kotlin.coroutines.jvm.internal.SuspendLambda'
                arity: CONST Int type=kotlin.Int value=2
                $completion: GET_VAR '$completion: kotlin.coroutines.Continuation<com.yanchelenko.piggybank.navigation.ui.OnLifecycleEventKt.OnLifecycleEvent.<no name provided>>? declared in com.yanchelenko.piggybank.navigation.ui.OnLifecycleEventKt.OnLifecycleEvent.<no name provided>.<init>' type=kotlin.coroutines.Continuation<com.yanchelenko.piggybank.navigation.ui.OnLifecycleEventKt.OnLifecycleEvent.<no name provided>>? origin=null
              BLOCK type=kotlin.Unit origin=null
          FUN name:invokeSuspend visibility:public modality:FINAL <> ($this:com.yanchelenko.piggybank.navigation.ui.OnLifecycleEventKt.OnLifecycleEvent.<no name provided>, $result:kotlin.Result<kotlin.Any?>) returnType:kotlin.Any?
            overridden:
              protected abstract fun invokeSuspend ($result: kotlin.Result<kotlin.Any?>): kotlin.Any? declared in kotlin.coroutines.jvm.internal.SuspendLambda
            $this: VALUE_PARAMETER INSTANCE_RECEIVER name:<this> type:com.yanchelenko.piggybank.navigation.ui.OnLifecycleEventKt.OnLifecycleEvent.<no name provided>
            VALUE_PARAMETER name:$result index:0 type:kotlin.Result<kotlin.Any?>
            BLOCK_BODY
              CALL 'public final fun collectLatest <T> (action: kotlin.coroutines.SuspendFunction1<@[ParameterName(name = "value")] T of kotlinx.coroutines.flow.FlowKt.collectLatest, kotlin.Unit>, $completion: kotlin.coroutines.Continuation<kotlin.Unit>): kotlin.Any? [suspend] declared in kotlinx.coroutines.flow.FlowKt' type=kotlin.Unit origin=null
                <T>: androidx.navigation.NavBackStackEntry
                $receiver: CALL 'public final fun <get-currentBackStackEntryFlow> (): kotlinx.coroutines.flow.Flow<androidx.navigation.NavBackStackEntry> declared in androidx.navigation.NavController' type=kotlinx.coroutines.flow.Flow<androidx.navigation.NavBackStackEntry> origin=GET_PROPERTY
                  $this: GET_FIELD 'FIELD FIELD_FOR_CAPTURED_VALUE name:$navController type:androidx.navigation.NavController visibility:public/*package*/ [final]' type=androidx.navigation.NavController origin=null
                    receiver: GET_VAR '<this>: com.yanchelenko.piggybank.navigation.ui.OnLifecycleEventKt.OnLifecycleEvent.<no name provided> declared in com.yanchelenko.piggybank.navigation.ui.OnLifecycleEventKt.OnLifecycleEvent.<no name provided>.invokeSuspend' type=com.yanchelenko.piggybank.navigation.ui.OnLifecycleEventKt.OnLifecycleEvent.<no name provided> origin=null
                action: BLOCK type=com.yanchelenko.piggybank.navigation.ui.OnLifecycleEventKt.OnLifecycleEvent.<no name provided>.invokeSuspend.<no name provided> origin=null
                  CLASS SUSPEND_LAMBDA CLASS name:<no name provided> modality:FINAL visibility:public/*package*/ superTypes:[kotlin.coroutines.jvm.internal.SuspendLambda; kotlin.jvm.functions.Function2<@[ParameterName(name = "value")] androidx.navigation.NavBackStackEntry, kotlin.coroutines.Continuation<kotlin.Unit>?, kotlin.Any?>]
                    $this: VALUE_PARAMETER INSTANCE_RECEIVER name:<this> type:com.yanchelenko.piggybank.navigation.ui.OnLifecycleEventKt.OnLifecycleEvent.<no name provided>.invokeSuspend.<no name provided>
                    FIELD name:label type:kotlin.Int visibility:public/*package*/
                    FIELD FIELD_FOR_CAPTURED_VALUE name:L$0 type:kotlin.Any? visibility:public/*package*/
                    CONSTRUCTOR SUSPEND_LAMBDA visibility:public/*package*/ <> ($route:kotlin.String, $onResume:kotlin.Function0<kotlin.Unit>?, $onDestroy:kotlin.Function0<kotlin.Unit>?, $completion:kotlin.coroutines.Continuation<com.yanchelenko.piggybank.navigation.ui.OnLifecycleEventKt.OnLifecycleEvent.<no name provided>.invokeSuspend.<no name provided>>?) returnType:com.yanchelenko.piggybank.navigation.ui.OnLifecycleEventKt.OnLifecycleEvent.<no name provided>.invokeSuspend.<no name provided> [primary]
                      VALUE_PARAMETER BOUND_VALUE_PARAMETER name:$route index:0 type:kotlin.String
                      VALUE_PARAMETER BOUND_VALUE_PARAMETER name:$onResume index:1 type:kotlin.Function0<kotlin.Unit>?
                      VALUE_PARAMETER BOUND_VALUE_PARAMETER name:$onDestroy index:2 type:kotlin.Function0<kotlin.Unit>?
                      VALUE_PARAMETER name:$completion index:3 type:kotlin.coroutines.Continuation<com.yanchelenko.piggybank.navigation.ui.OnLifecycleEventKt.OnLifecycleEvent.<no name provided>.invokeSuspend.<no name provided>>?
                      BLOCK_BODY
                        SET_FIELD 'FIELD FIELD_FOR_CAPTURED_VALUE name:$route type:kotlin.String visibility:public/*package*/ [final]' type=kotlin.Unit origin=INITIALIZER_OF_FIELD_FOR_CAPTURED_VALUE
                          receiver: GET_VAR '<this>: com.yanchelenko.piggybank.navigation.ui.OnLifecycleEventKt.OnLifecycleEvent.<no name provided>.invokeSuspend.<no name provided> declared in com.yanchelenko.piggybank.navigation.ui.OnLifecycleEventKt.OnLifecycleEvent.<no name provided>.invokeSuspend.<no name provided>' type=com.yanchelenko.piggybank.navigation.ui.OnLifecycleEventKt.OnLifecycleEvent.<no name provided>.invokeSuspend.<no name provided> origin=null
                          value: GET_VAR '$route: kotlin.String declared in com.yanchelenko.piggybank.navigation.ui.OnLifecycleEventKt.OnLifecycleEvent.<no name provided>.invokeSuspend.<no name provided>.<init>' type=kotlin.String origin=null
                        SET_FIELD 'FIELD FIELD_FOR_CAPTURED_VALUE name:$onResume type:kotlin.Function0<kotlin.Unit>? visibility:public/*package*/ [final]' type=kotlin.Unit origin=INITIALIZER_OF_FIELD_FOR_CAPTURED_VALUE
                          receiver: GET_VAR '<this>: com.yanchelenko.piggybank.navigation.ui.OnLifecycleEventKt.OnLifecycleEvent.<no name provided>.invokeSuspend.<no name provided> declared in com.yanchelenko.piggybank.navigation.ui.OnLifecycleEventKt.OnLifecycleEvent.<no name provided>.invokeSuspend.<no name provided>' type=com.yanchelenko.piggybank.navigation.ui.OnLifecycleEventKt.OnLifecycleEvent.<no name provided>.invokeSuspend.<no name provided> origin=null
                          value: GET_VAR '$onResume: kotlin.Function0<kotlin.Unit>? declared in com.yanchelenko.piggybank.navigation.ui.OnLifecycleEventKt.OnLifecycleEvent.<no name provided>.invokeSuspend.<no name provided>.<init>' type=kotlin.Function0<kotlin.Unit>? origin=null
                        SET_FIELD 'FIELD FIELD_FOR_CAPTURED_VALUE name:$onDestroy type:kotlin.Function0<kotlin.Unit>? visibility:public/*package*/ [final]' type=kotlin.Unit origin=INITIALIZER_OF_FIELD_FOR_CAPTURED_VALUE
                          receiver: GET_VAR '<this>: com.yanchelenko.piggybank.navigation.ui.OnLifecycleEventKt.OnLifecycleEvent.<no name provided>.invokeSuspend.<no name provided> declared in com.yanchelenko.piggybank.navigation.ui.OnLifecycleEventKt.OnLifecycleEvent.<no name provided>.invokeSuspend.<no name provided>' type=com.yanchelenko.piggybank.navigation.ui.OnLifecycleEventKt.OnLifecycleEvent.<no name provided>.invokeSuspend.<no name provided> origin=null
                          value: GET_VAR '$onDestroy: kotlin.Function0<kotlin.Unit>? declared in com.yanchelenko.piggybank.navigation.ui.OnLifecycleEventKt.OnLifecycleEvent.<no name provided>.invokeSuspend.<no name provided>.<init>' type=kotlin.Function0<kotlin.Unit>? origin=null
                        DELEGATING_CONSTRUCTOR_CALL 'public constructor <init> (arity: kotlin.Int, $completion: kotlin.coroutines.Continuation<kotlin.Any?>?) declared in kotlin.coroutines.jvm.internal.SuspendLambda'
                          arity: CONST Int type=kotlin.Int value=2
                          $completion: GET_VAR '$completion: kotlin.coroutines.Continuation<com.yanchelenko.piggybank.navigation.ui.OnLifecycleEventKt.OnLifecycleEvent.<no name provided>.invokeSuspend.<no name provided>>? declared in com.yanchelenko.piggybank.navigation.ui.OnLifecycleEventKt.OnLifecycleEvent.<no name provided>.invokeSuspend.<no name provided>.<init>' type=kotlin.coroutines.Continuation<com.yanchelenko.piggybank.navigation.ui.OnLifecycleEventKt.OnLifecycleEvent.<no name provided>.invokeSuspend.<no name provided>>? origin=null
                        BLOCK type=kotlin.Unit origin=null
                    FUN name:invokeSuspend visibility:public modality:FINAL <> ($this:com.yanchelenko.piggybank.navigation.ui.OnLifecycleEventKt.OnLifecycleEvent.<no name provided>.invokeSuspend.<no name provided>, $result:kotlin.Result<kotlin.Any?>) returnType:kotlin.Any?
                      overridden:
                        protected abstract fun invokeSuspend ($result: kotlin.Result<kotlin.Any?>): kotlin.Any? declared in kotlin.coroutines.jvm.internal.SuspendLambda
                      $this: VALUE_PARAMETER INSTANCE_RECEIVER name:<this> type:com.yanchelenko.piggybank.navigation.ui.OnLifecycleEventKt.OnLifecycleEvent.<no name provided>.invokeSuspend.<no name provided>
                      VALUE_PARAMETER name:$result index:0 type:kotlin.Result<kotlin.Any?>
                      BLOCK_BODY
                        VAR name:entry type:@[ParameterName(name = "value")] androidx.navigation.NavBackStackEntry [val]
                          BLOCK type=@[ParameterName(name = "value")] androidx.navigation.NavBackStackEntry origin=null
                            GET_FIELD 'FIELD FIELD_FOR_CAPTURED_VALUE name:L$0 type:kotlin.Any? visibility:public/*package*/' type=@[ParameterName(name = "value")] androidx.navigation.NavBackStackEntry origin=null
                              receiver: GET_VAR '<this>: com.yanchelenko.piggybank.navigation.ui.OnLifecycleEventKt.OnLifecycleEvent.<no name provided>.invokeSuspend.<no name provided> declared in com.yanchelenko.piggybank.navigation.ui.OnLifecycleEventKt.OnLifecycleEvent.<no name provided>.invokeSuspend.<no name provided>.invokeSuspend' type=com.yanchelenko.piggybank.navigation.ui.OnLifecycleEventKt.OnLifecycleEvent.<no name provided>.invokeSuspend.<no name provided> origin=null
                        WHEN type=kotlin.Unit origin=IF
                          BRANCH
                            if: CALL 'public final fun EQEQ (arg0: kotlin.Any?, arg1: kotlin.Any?): kotlin.Boolean declared in kotlin.internal.ir' type=kotlin.Boolean origin=EQEQ
                              arg0: CALL 'public final fun <get-route> (): kotlin.String? declared in androidx.navigation.NavDestination' type=kotlin.String? origin=GET_PROPERTY
                                $this: CALL 'public final fun <get-destination> (): androidx.navigation.NavDestination declared in androidx.navigation.NavBackStackEntry' type=androidx.navigation.NavDestination origin=GET_PROPERTY
                                  $this: GET_VAR 'val entry: @[ParameterName(name = "value")] androidx.navigation.NavBackStackEntry [val] declared in com.yanchelenko.piggybank.navigation.ui.OnLifecycleEventKt.OnLifecycleEvent.<no name provided>.invokeSuspend.<no name provided>.invokeSuspend' type=@[ParameterName(name = "value")] androidx.navigation.NavBackStackEntry origin=null
                              arg1: GET_FIELD 'FIELD FIELD_FOR_CAPTURED_VALUE name:$route type:kotlin.String visibility:public/*package*/ [final]' type=kotlin.String origin=null
                                receiver: GET_VAR '<this>: com.yanchelenko.piggybank.navigation.ui.OnLifecycleEventKt.OnLifecycleEvent.<no name provided>.invokeSuspend.<no name provided> declared in com.yanchelenko.piggybank.navigation.ui.OnLifecycleEventKt.OnLifecycleEvent.<no name provided>.invokeSuspend.<no name provided>.invokeSuspend' type=com.yanchelenko.piggybank.navigation.ui.OnLifecycleEventKt.OnLifecycleEvent.<no name provided>.invokeSuspend.<no name provided> origin=null
                            then: BLOCK type=kotlin.Unit origin=null
                              VAR name:lifecycle type:androidx.lifecycle.Lifecycle [val]
                                CALL 'public open fun <get-lifecycle> (): androidx.lifecycle.Lifecycle declared in androidx.navigation.NavBackStackEntry' type=androidx.lifecycle.Lifecycle origin=GET_PROPERTY
                                  $this: GET_VAR 'val entry: @[ParameterName(name = "value")] androidx.navigation.NavBackStackEntry [val] declared in com.yanchelenko.piggybank.navigation.ui.OnLifecycleEventKt.OnLifecycleEvent.<no name provided>.invokeSuspend.<no name provided>.invokeSuspend' type=@[ParameterName(name = "value")] androidx.navigation.NavBackStackEntry origin=null
                              VAR name:observer type:androidx.lifecycle.LifecycleEventObserver [val]
                                BLOCK type=androidx.lifecycle.LifecycleEventObserver origin=LAMBDA
                                  COMPOSITE type=kotlin.Unit origin=null
                                  CALL 'public final fun <jvm-indy> <T> (dynamicCall: T of kotlin.jvm.internal.<jvm-indy>, bootstrapMethodHandle: kotlin.Any, vararg bootstrapMethodArguments: kotlin.Any): T of kotlin.jvm.internal.<jvm-indy> declared in kotlin.jvm.internal' type=androidx.lifecycle.LifecycleEventObserver origin=null
                                    <T>: androidx.lifecycle.LifecycleEventObserver
                                    dynamicCall: CALL 'public final fun onStateChanged (p0: kotlin.Function0<kotlin.Unit>?, p1: kotlin.Function0<kotlin.Unit>?): androidx.lifecycle.LifecycleEventObserver declared in kotlin.jvm.internal.invokeDynamic' type=androidx.lifecycle.LifecycleEventObserver origin=null
                                      p0: GET_FIELD 'FIELD FIELD_FOR_CAPTURED_VALUE name:$onResume type:kotlin.Function0<kotlin.Unit>? visibility:public/*package*/ [final]' type=kotlin.Function0<kotlin.Unit>? origin=null
                                        receiver: GET_VAR '<this>: com.yanchelenko.piggybank.navigation.ui.OnLifecycleEventKt.OnLifecycleEvent.<no name provided>.invokeSuspend.<no name provided> declared in com.yanchelenko.piggybank.navigation.ui.OnLifecycleEventKt.OnLifecycleEvent.<no name provided>.invokeSuspend.<no name provided>.invokeSuspend' type=com.yanchelenko.piggybank.navigation.ui.OnLifecycleEventKt.OnLifecycleEvent.<no name provided>.invokeSuspend.<no name provided> origin=null
                                      p1: GET_FIELD 'FIELD FIELD_FOR_CAPTURED_VALUE name:$onDestroy type:kotlin.Function0<kotlin.Unit>? visibility:public/*package*/ [final]' type=kotlin.Function0<kotlin.Unit>? origin=null
                                        receiver: GET_VAR '<this>: com.yanchelenko.piggybank.navigation.ui.OnLifecycleEventKt.OnLifecycleEvent.<no name provided>.invokeSuspend.<no name provided> declared in com.yanchelenko.piggybank.navigation.ui.OnLifecycleEventKt.OnLifecycleEvent.<no name provided>.invokeSuspend.<no name provided>.invokeSuspend' type=com.yanchelenko.piggybank.navigation.ui.OnLifecycleEventKt.OnLifecycleEvent.<no name provided>.invokeSuspend.<no name provided> origin=null
                                    bootstrapMethodHandle: CALL 'public final fun <jvm-method-handle> (tag: kotlin.Int, owner: kotlin.String, name: kotlin.String, descriptor: kotlin.String, isInterface: kotlin.Boolean): kotlin.Any declared in kotlin.jvm.internal' type=kotlin.Any origin=null
                                      tag: CONST Int type=kotlin.Int value=6
                                      owner: CONST String type=kotlin.String value="java/lang/invoke/LambdaMetafactory"
                                      name: CONST String type=kotlin.String value="metafactory"
                                      descriptor: CONST String type=kotlin.String value="(Ljava/lang/invoke/MethodHandles$Lookup;Ljava/lang/String;Ljava/lang/invoke/MethodType;Ljava/lang/invoke/MethodType;Ljava/lang/invoke/MethodHandle;Ljava/lang/invoke/MethodType;)Ljava/lang/invoke/CallSite;"
                                      isInterface: CONST Boolean type=kotlin.Boolean value=false
                                    bootstrapMethodArguments: VARARG type=kotlin.Array<kotlin.Any> varargElementType=kotlin.Any
                                      CALL 'public final fun <jvm-original-method-type> (method: kotlin.Any): kotlin.Any declared in kotlin.jvm.internal' type=kotlin.Any origin=null
                                        method: RAW_FUNCTION_REFERENCE 'public abstract fun onStateChanged (source: androidx.lifecycle.LifecycleOwner, event: androidx.lifecycle.Lifecycle.Event): kotlin.Unit declared in androidx.lifecycle.LifecycleEventObserver' type=kotlin.Any
                                      RAW_FUNCTION_REFERENCE 'private final fun invokeSuspend$lambda$0 ($onResume: kotlin.Function0<kotlin.Unit>?, $onDestroy: kotlin.Function0<kotlin.Unit>?, <unused var>: androidx.lifecycle.LifecycleOwner, event: androidx.lifecycle.Lifecycle.Event): kotlin.Unit declared in com.yanchelenko.piggybank.navigation.ui.OnLifecycleEventKt.OnLifecycleEvent.<no name provided>.invokeSuspend.<no name provided>' type=kotlin.Any
                                      CALL 'public final fun <jvm-original-method-type> (method: kotlin.Any): kotlin.Any declared in kotlin.jvm.internal' type=kotlin.Any origin=null
                                        method: RAW_FUNCTION_REFERENCE 'public abstract fun onStateChanged (source: androidx.lifecycle.LifecycleOwner, event: androidx.lifecycle.Lifecycle.Event): kotlin.Unit [fake_override] declared in kotlin.jvm.internal.invokeDynamic.<fake>' type=kotlin.Any
                              WHEN type=kotlin.Unit origin=IF
                                BRANCH
                                  if: CALL 'public final fun EQEQ (arg0: kotlin.Any?, arg1: kotlin.Any?): kotlin.Boolean declared in kotlin.internal.ir' type=kotlin.Boolean origin=EQEQ
                                    arg0: CALL 'public abstract fun <get-currentState> (): androidx.lifecycle.Lifecycle.State declared in androidx.lifecycle.Lifecycle' type=androidx.lifecycle.Lifecycle.State origin=GET_PROPERTY
                                      $this: GET_VAR 'val lifecycle: androidx.lifecycle.Lifecycle [val] declared in com.yanchelenko.piggybank.navigation.ui.OnLifecycleEventKt.OnLifecycleEvent.<no name provided>.invokeSuspend.<no name provided>.invokeSuspend' type=androidx.lifecycle.Lifecycle origin=null
                                    arg1: GET_FIELD 'FIELD FIELD_FOR_ENUM_ENTRY name:RESUMED type:androidx.lifecycle.Lifecycle.State visibility:public [final,static]' type=androidx.lifecycle.Lifecycle.State origin=null
                                  then: COMPOSITE type=kotlin.Unit origin=null
                                    BLOCK type=kotlin.Unit? origin=null
                                      BLOCK type=kotlin.Unit? origin=FOLDED_SAFE_CALL
                                        WHEN type=kotlin.Unit? origin=FOLDED_SAFE_CALL
                                          BRANCH
                                            if: COMPOSITE type=kotlin.Boolean origin=null
                                              VAR IR_TEMPORARY_VARIABLE name:tmp3_safe_receiver type:kotlin.Function0<kotlin.Unit>? [val]
                                                GET_FIELD 'FIELD FIELD_FOR_CAPTURED_VALUE name:$onResume type:kotlin.Function0<kotlin.Unit>? visibility:public/*package*/ [final]' type=kotlin.Function0<kotlin.Unit>? origin=null
                                                  receiver: GET_VAR '<this>: com.yanchelenko.piggybank.navigation.ui.OnLifecycleEventKt.OnLifecycleEvent.<no name provided>.invokeSuspend.<no name provided> declared in com.yanchelenko.piggybank.navigation.ui.OnLifecycleEventKt.OnLifecycleEvent.<no name provided>.invokeSuspend.<no name provided>.invokeSuspend' type=com.yanchelenko.piggybank.navigation.ui.OnLifecycleEventKt.OnLifecycleEvent.<no name provided>.invokeSuspend.<no name provided> origin=null
                                              CALL 'public final fun not (): kotlin.Boolean [operator] declared in kotlin.Boolean' type=kotlin.Boolean origin=null
                                                $this: CALL 'public final fun EQEQ (arg0: kotlin.Any?, arg1: kotlin.Any?): kotlin.Boolean declared in kotlin.internal.ir' type=kotlin.Boolean origin=null
                                                  arg0: GET_VAR 'val tmp3_safe_receiver: kotlin.Function0<kotlin.Unit>? [val] declared in com.yanchelenko.piggybank.navigation.ui.OnLifecycleEventKt.OnLifecycleEvent.<no name provided>.invokeSuspend.<no name provided>.invokeSuspend' type=kotlin.Function0<kotlin.Unit>? origin=null
                                                  arg1: CONST Null type=kotlin.Nothing? value=null
                                            then: CALL 'public abstract fun invoke (): R of kotlin.Function0 [operator] declared in kotlin.Function0' type=kotlin.Unit origin=INVOKE
                                              $this: GET_VAR 'val tmp3_safe_receiver: kotlin.Function0<kotlin.Unit>? [val] declared in com.yanchelenko.piggybank.navigation.ui.OnLifecycleEventKt.OnLifecycleEvent.<no name provided>.invokeSuspend.<no name provided>.invokeSuspend' type=kotlin.Function0<kotlin.Unit>? origin=null
                                          BRANCH
                                            if: CONST Boolean type=kotlin.Boolean value=true
                                            then: CONST Null type=kotlin.Nothing? value=null
                              CALL 'public abstract fun addObserver (observer: androidx.lifecycle.LifecycleObserver): kotlin.Unit declared in androidx.lifecycle.Lifecycle' type=kotlin.Unit origin=null
                                $this: GET_VAR 'val lifecycle: androidx.lifecycle.Lifecycle [val] declared in com.yanchelenko.piggybank.navigation.ui.OnLifecycleEventKt.OnLifecycleEvent.<no name provided>.invokeSuspend.<no name provided>.invokeSuspend' type=androidx.lifecycle.Lifecycle origin=null
                                observer: GET_VAR 'val observer: androidx.lifecycle.LifecycleEventObserver [val] declared in com.yanchelenko.piggybank.navigation.ui.OnLifecycleEventKt.OnLifecycleEvent.<no name provided>.invokeSuspend.<no name provided>.invokeSuspend' type=androidx.lifecycle.LifecycleEventObserver origin=null
                              TRY type=kotlin.Unit
                                try: BLOCK type=kotlin.Nothing origin=null
                                  BLOCK type=kotlin.Nothing origin=null
                                    CALL 'public final fun awaitCancellation ($completion: kotlin.coroutines.Continuation<kotlin.Nothing>): kotlin.Any? [suspend] declared in kotlinx.coroutines.DelayKt' type=kotlin.Nothing origin=null
                                      $completion: GET_VAR '<this>: com.yanchelenko.piggybank.navigation.ui.OnLifecycleEventKt.OnLifecycleEvent.<no name provided>.invokeSuspend.<no name provided> declared in com.yanchelenko.piggybank.navigation.ui.OnLifecycleEventKt.OnLifecycleEvent.<no name provided>.invokeSuspend.<no name provided>.invokeSuspend' type=com.yanchelenko.piggybank.navigation.ui.OnLifecycleEventKt.OnLifecycleEvent.<no name provided>.invokeSuspend.<no name provided> origin=null
                                    CALL 'public final fun throwKotlinNothingValueException (): kotlin.Nothing declared in kotlin.jvm.internal.Intrinsics' type=kotlin.Nothing origin=null
                                finally: BLOCK type=kotlin.Unit origin=null
                                  CALL 'public abstract fun removeObserver (observer: androidx.lifecycle.LifecycleObserver): kotlin.Unit declared in androidx.lifecycle.Lifecycle' type=kotlin.Unit origin=null
                                    $this: GET_VAR 'val lifecycle: androidx.lifecycle.Lifecycle [val] declared in com.yanchelenko.piggybank.navigation.ui.OnLifecycleEventKt.OnLifecycleEvent.<no name provided>.invokeSuspend.<no name provided>.invokeSuspend' type=androidx.lifecycle.Lifecycle origin=null
                                    observer: GET_VAR 'val observer: androidx.lifecycle.LifecycleEventObserver [val] declared in com.yanchelenko.piggybank.navigation.ui.OnLifecycleEventKt.OnLifecycleEvent.<no name provided>.invokeSuspend.<no name provided>.invokeSuspend' type=androidx.lifecycle.LifecycleEventObserver origin=null
                    FUN name:create visibility:public modality:FINAL <> ($this:com.yanchelenko.piggybank.navigation.ui.OnLifecycleEventKt.OnLifecycleEvent.<no name provided>.invokeSuspend.<no name provided>, value:kotlin.Any?, $completion:kotlin.coroutines.Continuation<kotlin.Nothing>) returnType:kotlin.coroutines.Continuation<kotlin.Unit>
                      overridden:
                        public open fun create (value: kotlin.Any?, $completion: kotlin.coroutines.Continuation<kotlin.Nothing>): kotlin.coroutines.Continuation<kotlin.Unit> declared in kotlin.coroutines.jvm.internal.SuspendLambda
                      $this: VALUE_PARAMETER INSTANCE_RECEIVER name:<this> type:com.yanchelenko.piggybank.navigation.ui.OnLifecycleEventKt.OnLifecycleEvent.<no name provided>.invokeSuspend.<no name provided>
                      VALUE_PARAMETER name:value index:0 type:kotlin.Any?
                      VALUE_PARAMETER name:$completion index:1 type:kotlin.coroutines.Continuation<kotlin.Nothing>
                      BLOCK_BODY
                        VAR IR_TEMPORARY_VARIABLE name:tmp0_result type:com.yanchelenko.piggybank.navigation.ui.OnLifecycleEventKt.OnLifecycleEvent.<no name provided>.invokeSuspend.<no name provided> [val]
                          CONSTRUCTOR_CALL 'public/*package*/ constructor <init> ($route: kotlin.String, $onResume: kotlin.Function0<kotlin.Unit>?, $onDestroy: kotlin.Function0<kotlin.Unit>?, $completion: kotlin.coroutines.Continuation<com.yanchelenko.piggybank.navigation.ui.OnLifecycleEventKt.OnLifecycleEvent.<no name provided>.invokeSuspend.<no name provided>>?) [primary] declared in com.yanchelenko.piggybank.navigation.ui.OnLifecycleEventKt.OnLifecycleEvent.<no name provided>.invokeSuspend.<no name provided>' type=com.yanchelenko.piggybank.navigation.ui.OnLifecycleEventKt.OnLifecycleEvent.<no name provided>.invokeSuspend.<no name provided> origin=null
                            $route: GET_FIELD 'FIELD FIELD_FOR_CAPTURED_VALUE name:$route type:kotlin.String visibility:public/*package*/ [final]' type=kotlin.String origin=null
                              receiver: GET_VAR '<this>: com.yanchelenko.piggybank.navigation.ui.OnLifecycleEventKt.OnLifecycleEvent.<no name provided>.invokeSuspend.<no name provided> declared in com.yanchelenko.piggybank.navigation.ui.OnLifecycleEventKt.OnLifecycleEvent.<no name provided>.invokeSuspend.<no name provided>.create' type=com.yanchelenko.piggybank.navigation.ui.OnLifecycleEventKt.OnLifecycleEvent.<no name provided>.invokeSuspend.<no name provided> origin=null
                            $onResume: GET_FIELD 'FIELD FIELD_FOR_CAPTURED_VALUE name:$onResume type:kotlin.Function0<kotlin.Unit>? visibility:public/*package*/ [final]' type=kotlin.Function0<kotlin.Unit>? origin=null
                              receiver: GET_VAR '<this>: com.yanchelenko.piggybank.navigation.ui.OnLifecycleEventKt.OnLifecycleEvent.<no name provided>.invokeSuspend.<no name provided> declared in com.yanchelenko.piggybank.navigation.ui.OnLifecycleEventKt.OnLifecycleEvent.<no name provided>.invokeSuspend.<no name provided>.create' type=com.yanchelenko.piggybank.navigation.ui.OnLifecycleEventKt.OnLifecycleEvent.<no name provided>.invokeSuspend.<no name provided> origin=null
                            $onDestroy: GET_FIELD 'FIELD FIELD_FOR_CAPTURED_VALUE name:$onDestroy type:kotlin.Function0<kotlin.Unit>? visibility:public/*package*/ [final]' type=kotlin.Function0<kotlin.Unit>? origin=null
                              receiver: GET_VAR '<this>: com.yanchelenko.piggybank.navigation.ui.OnLifecycleEventKt.OnLifecycleEvent.<no name provided>.invokeSuspend.<no name provided> declared in com.yanchelenko.piggybank.navigation.ui.OnLifecycleEventKt.OnLifecycleEvent.<no name provided>.invokeSuspend.<no name provided>.create' type=com.yanchelenko.piggybank.navigation.ui.OnLifecycleEventKt.OnLifecycleEvent.<no name provided>.invokeSuspend.<no name provided> origin=null
                            $completion: GET_VAR '$completion: kotlin.coroutines.Continuation<kotlin.Nothing> declared in com.yanchelenko.piggybank.navigation.ui.OnLifecycleEventKt.OnLifecycleEvent.<no name provided>.invokeSuspend.<no name provided>.create' type=kotlin.coroutines.Continuation<kotlin.Nothing> origin=null
                        SET_FIELD 'FIELD FIELD_FOR_CAPTURED_VALUE name:L$0 type:kotlin.Any? visibility:public/*package*/' type=kotlin.Unit origin=null
                          receiver: GET_VAR 'val tmp0_result: com.yanchelenko.piggybank.navigation.ui.OnLifecycleEventKt.OnLifecycleEvent.<no name provided>.invokeSuspend.<no name provided> [val] declared in com.yanchelenko.piggybank.navigation.ui.OnLifecycleEventKt.OnLifecycleEvent.<no name provided>.invokeSuspend.<no name provided>.create' type=com.yanchelenko.piggybank.navigation.ui.OnLifecycleEventKt.OnLifecycleEvent.<no name provided>.invokeSuspend.<no name provided> origin=null
                          value: GET_VAR 'value: kotlin.Any? declared in com.yanchelenko.piggybank.navigation.ui.OnLifecycleEventKt.OnLifecycleEvent.<no name provided>.invokeSuspend.<no name provided>.create' type=kotlin.Any? origin=null
                        RETURN type=kotlin.Nothing from='public final fun create (value: kotlin.Any?, $completion: kotlin.coroutines.Continuation<kotlin.Nothing>): kotlin.coroutines.Continuation<kotlin.Unit> declared in com.yanchelenko.piggybank.navigation.ui.OnLifecycleEventKt.OnLifecycleEvent.<no name provided>.invokeSuspend.<no name provided>'
                          GET_VAR 'val tmp0_result: com.yanchelenko.piggybank.navigation.ui.OnLifecycleEventKt.OnLifecycleEvent.<no name provided>.invokeSuspend.<no name provided> [val] declared in com.yanchelenko.piggybank.navigation.ui.OnLifecycleEventKt.OnLifecycleEvent.<no name provided>.invokeSuspend.<no name provided>.create' type=com.yanchelenko.piggybank.navigation.ui.OnLifecycleEventKt.OnLifecycleEvent.<no name provided>.invokeSuspend.<no name provided> origin=null
                    FUN name:invoke visibility:public modality:FINAL <> ($this:com.yanchelenko.piggybank.navigation.ui.OnLifecycleEventKt.OnLifecycleEvent.<no name provided>.invokeSuspend.<no name provided>, p1:@[ParameterName(name = "value")] androidx.navigation.NavBackStackEntry, p2:kotlin.coroutines.Continuation<kotlin.Unit>?) returnType:kotlin.Any?
                      overridden:
                        public abstract fun invoke (p1: P1 of kotlin.jvm.functions.Function2, p2: P2 of kotlin.jvm.functions.Function2): R of kotlin.jvm.functions.Function2 declared in kotlin.jvm.functions.Function2
                      $this: VALUE_PARAMETER INSTANCE_RECEIVER name:<this> type:com.yanchelenko.piggybank.navigation.ui.OnLifecycleEventKt.OnLifecycleEvent.<no name provided>.invokeSuspend.<no name provided>
                      VALUE_PARAMETER name:p1 index:0 type:@[ParameterName(name = "value")] androidx.navigation.NavBackStackEntry
                      VALUE_PARAMETER name:p2 index:1 type:kotlin.coroutines.Continuation<kotlin.Unit>?
                      BLOCK_BODY
                        RETURN type=kotlin.Nothing from='public final fun invoke (p1: @[ParameterName(name = "value")] androidx.navigation.NavBackStackEntry, p2: kotlin.coroutines.Continuation<kotlin.Unit>?): kotlin.Any? declared in com.yanchelenko.piggybank.navigation.ui.OnLifecycleEventKt.OnLifecycleEvent.<no name provided>.invokeSuspend.<no name provided>'
                          CALL 'public final fun invokeSuspend ($result: kotlin.Result<kotlin.Any?>): kotlin.Any? declared in com.yanchelenko.piggybank.navigation.ui.OnLifecycleEventKt.OnLifecycleEvent.<no name provided>.invokeSuspend.<no name provided>' type=kotlin.Any? origin=null
                            $this: TYPE_OP type=com.yanchelenko.piggybank.navigation.ui.OnLifecycleEventKt.OnLifecycleEvent.<no name provided>.invokeSuspend.<no name provided> origin=IMPLICIT_CAST typeOperand=com.yanchelenko.piggybank.navigation.ui.OnLifecycleEventKt.OnLifecycleEvent.<no name provided>.invokeSuspend.<no name provided>
                              CALL 'public final fun create (value: kotlin.Any?, $completion: kotlin.coroutines.Continuation<kotlin.Nothing>): kotlin.coroutines.Continuation<kotlin.Unit> declared in com.yanchelenko.piggybank.navigation.ui.OnLifecycleEventKt.OnLifecycleEvent.<no name provided>.invokeSuspend.<no name provided>' type=kotlin.coroutines.Continuation<kotlin.Unit> origin=null
                                $this: GET_VAR '<this>: com.yanchelenko.piggybank.navigation.ui.OnLifecycleEventKt.OnLifecycleEvent.<no name provided>.invokeSuspend.<no name provided> declared in com.yanchelenko.piggybank.navigation.ui.OnLifecycleEventKt.OnLifecycleEvent.<no name provided>.invokeSuspend.<no name provided>.invoke' type=com.yanchelenko.piggybank.navigation.ui.OnLifecycleEventKt.OnLifecycleEvent.<no name provided>.invokeSuspend.<no name provided> origin=null
                                value: GET_VAR 'p1: @[ParameterName(name = "value")] androidx.navigation.NavBackStackEntry declared in com.yanchelenko.piggybank.navigation.ui.OnLifecycleEventKt.OnLifecycleEvent.<no name provided>.invokeSuspend.<no name provided>.invoke' type=@[ParameterName(name = "value")] androidx.navigation.NavBackStackEntry origin=null
                                $completion: GET_VAR 'p2: kotlin.coroutines.Continuation<kotlin.Unit>? declared in com.yanchelenko.piggybank.navigation.ui.OnLifecycleEventKt.OnLifecycleEvent.<no name provided>.invokeSuspend.<no name provided>.invoke' type=kotlin.coroutines.Continuation<kotlin.Unit>? origin=null
                            $result: CALL 'public final fun <unsafe-coerce> <T, R> (v: T of kotlin.jvm.internal.<unsafe-coerce>): R of kotlin.jvm.internal.<unsafe-coerce> declared in kotlin.jvm.internal' type=kotlin.Result<kotlin.Any?> origin=null
                              <T>: kotlin.Any?
                              <R>: kotlin.Result<kotlin.Any?>
                              v: GET_FIELD 'FIELD FIELD_FOR_OBJECT_INSTANCE name:INSTANCE type:kotlin.Unit visibility:public [final,static]' type=kotlin.Unit origin=null
                    CLASS ENUM_MAPPINGS_FOR_WHEN CLASS name:WhenMappings modality:FINAL visibility:public superTypes:[]
                      $this: VALUE_PARAMETER INSTANCE_RECEIVER name:<this> type:com.yanchelenko.piggybank.navigation.ui.OnLifecycleEventKt.OnLifecycleEvent.<no name provided>.invokeSuspend.<no name provided>.WhenMappings
                      FIELD ENUM_MAPPINGS_FOR_WHEN name:$EnumSwitchMapping$0 type:kotlin.IntArray visibility:public [final,static]
                      FUN CLASS_STATIC_INITIALIZER name:<clinit> visibility:public/*package*/ modality:FINAL <> () returnType:kotlin.Unit
                        BLOCK_BODY
                          SET_FIELD 'FIELD ENUM_MAPPINGS_FOR_WHEN name:$EnumSwitchMapping$0 type:kotlin.IntArray visibility:public [final,static]' type=kotlin.Unit origin=INITIALIZE_FIELD
                            value: BLOCK type=kotlin.IntArray origin=null
                              VAR IR_TEMPORARY_VARIABLE name:tmp0 type:kotlin.IntArray [val]
                                CONSTRUCTOR_CALL 'public constructor <init> (size: kotlin.Int) [primary] declared in kotlin.IntArray' type=kotlin.IntArray origin=null
                                  size: CALL 'public final fun <get-size> (): kotlin.Int declared in kotlin.Array' type=kotlin.Int origin=null
                                    $this: CALL 'public final fun values (): kotlin.Array<androidx.lifecycle.Lifecycle.Event> declared in androidx.lifecycle.Lifecycle.Event' type=kotlin.Array<androidx.lifecycle.Lifecycle.Event> origin=null
                              TRY type=kotlin.Unit
                                try: CALL 'public final fun set (index: kotlin.Int, value: kotlin.Int): kotlin.Unit [operator] declared in kotlin.IntArray' type=kotlin.Unit origin=null
                                  $this: GET_VAR 'val tmp0: kotlin.IntArray [val] declared in com.yanchelenko.piggybank.navigation.ui.OnLifecycleEventKt.OnLifecycleEvent.<no name provided>.invokeSuspend.<no name provided>.WhenMappings.<clinit>' type=kotlin.IntArray origin=null
                                  index: CALL 'public final fun <get-ordinal> (): kotlin.Int [fake_override] declared in androidx.lifecycle.Lifecycle.Event' type=kotlin.Int origin=null
                                    $this: GET_FIELD 'FIELD FIELD_FOR_ENUM_ENTRY name:ON_RESUME type:androidx.lifecycle.Lifecycle.Event visibility:public [final,static]' type=androidx.lifecycle.Lifecycle.Event origin=null
                                  value: CONST Int type=kotlin.Int value=1
                                CATCH parameter=val tmp1: java.lang.NoSuchFieldError [val] declared in com.yanchelenko.piggybank.navigation.ui.OnLifecycleEventKt.OnLifecycleEvent.<no name provided>.invokeSuspend.<no name provided>.WhenMappings.<clinit>
                                  VAR IR_TEMPORARY_VARIABLE name:tmp1 type:java.lang.NoSuchFieldError [val]
                                  GET_FIELD 'FIELD FIELD_FOR_OBJECT_INSTANCE name:INSTANCE type:kotlin.Unit visibility:public [final,static]' type=kotlin.Unit origin=null
                              TRY type=kotlin.Unit
                                try: CALL 'public final fun set (index: kotlin.Int, value: kotlin.Int): kotlin.Unit [operator] declared in kotlin.IntArray' type=kotlin.Unit origin=null
                                  $this: GET_VAR 'val tmp0: kotlin.IntArray [val] declared in com.yanchelenko.piggybank.navigation.ui.OnLifecycleEventKt.OnLifecycleEvent.<no name provided>.invokeSuspend.<no name provided>.WhenMappings.<clinit>' type=kotlin.IntArray origin=null
                                  index: CALL 'public final fun <get-ordinal> (): kotlin.Int [fake_override] declared in androidx.lifecycle.Lifecycle.Event' type=kotlin.Int origin=null
                                    $this: GET_FIELD 'FIELD FIELD_FOR_ENUM_ENTRY name:ON_DESTROY type:androidx.lifecycle.Lifecycle.Event visibility:public [final,static]' type=androidx.lifecycle.Lifecycle.Event origin=null
                                  value: CONST Int type=kotlin.Int value=2
                                CATCH parameter=val tmp2: java.lang.NoSuchFieldError [val] declared in com.yanchelenko.piggybank.navigation.ui.OnLifecycleEventKt.OnLifecycleEvent.<no name provided>.invokeSuspend.<no name provided>.WhenMappings.<clinit>
                                  VAR IR_TEMPORARY_VARIABLE name:tmp2 type:java.lang.NoSuchFieldError [val]
                                  GET_FIELD 'FIELD FIELD_FOR_OBJECT_INSTANCE name:INSTANCE type:kotlin.Unit visibility:public [final,static]' type=kotlin.Unit origin=null
                              GET_VAR 'val tmp0: kotlin.IntArray [val] declared in com.yanchelenko.piggybank.navigation.ui.OnLifecycleEventKt.OnLifecycleEvent.<no name provided>.invokeSuspend.<no name provided>.WhenMappings.<clinit>' type=kotlin.IntArray origin=null
                    FIELD FIELD_FOR_CAPTURED_VALUE name:$route type:kotlin.String visibility:public/*package*/ [final]
                    FIELD FIELD_FOR_CAPTURED_VALUE name:$onResume type:kotlin.Function0<kotlin.Unit>? visibility:public/*package*/ [final]
                    FIELD FIELD_FOR_CAPTURED_VALUE name:$onDestroy type:kotlin.Function0<kotlin.Unit>? visibility:public/*package*/ [final]
                    FUN LOCAL_FUNCTION_FOR_LAMBDA name:invokeSuspend$lambda$0 visibility:private modality:FINAL <> ($onResume:kotlin.Function0<kotlin.Unit>?, $onDestroy:kotlin.Function0<kotlin.Unit>?, <unused var>:androidx.lifecycle.LifecycleOwner, event:androidx.lifecycle.Lifecycle.Event) returnType:kotlin.Unit
                      VALUE_PARAMETER BOUND_VALUE_PARAMETER name:$onResume index:0 type:kotlin.Function0<kotlin.Unit>?
                      VALUE_PARAMETER BOUND_VALUE_PARAMETER name:$onDestroy index:1 type:kotlin.Function0<kotlin.Unit>?
                      VALUE_PARAMETER UNDERSCORE_PARAMETER name:<unused var> index:2 type:androidx.lifecycle.LifecycleOwner
                      VALUE_PARAMETER name:event index:3 type:androidx.lifecycle.Lifecycle.Event
                      BLOCK_BODY
                        COMPOSITE type=kotlin.Unit origin=null
                          BLOCK type=kotlin.Unit? origin=WHEN
                            VAR IR_TEMPORARY_VARIABLE name:tmp0_subject type:androidx.lifecycle.Lifecycle.Event [val]
                              GET_VAR 'event: androidx.lifecycle.Lifecycle.Event declared in com.yanchelenko.piggybank.navigation.ui.OnLifecycleEventKt.OnLifecycleEvent.<no name provided>.invokeSuspend.<no name provided>.invokeSuspend$lambda$0' type=androidx.lifecycle.Lifecycle.Event origin=null
                            VAR IR_TEMPORARY_VARIABLE name:tmp0 type:kotlin.Int [val]
                              CALL 'public final fun get (index: kotlin.Int): kotlin.Int [operator] declared in kotlin.IntArray' type=kotlin.Int origin=null
                                $this: GET_FIELD 'FIELD ENUM_MAPPINGS_FOR_WHEN name:$EnumSwitchMapping$0 type:kotlin.IntArray visibility:public [final,static]' type=kotlin.IntArray origin=null
                                index: CALL 'public final fun <get-ordinal> (): kotlin.Int [fake_override] declared in androidx.lifecycle.Lifecycle.Event' type=kotlin.Int origin=null
                                  $this: GET_VAR 'val tmp0_subject: androidx.lifecycle.Lifecycle.Event [val] declared in com.yanchelenko.piggybank.navigation.ui.OnLifecycleEventKt.OnLifecycleEvent.<no name provided>.invokeSuspend.<no name provided>.invokeSuspend$lambda$0' type=androidx.lifecycle.Lifecycle.Event origin=null
                            WHEN type=kotlin.Unit? origin=WHEN
                              BRANCH
                                if: CALL 'public final fun EQEQ (arg0: kotlin.Any?, arg1: kotlin.Any?): kotlin.Boolean declared in kotlin.internal.ir' type=kotlin.Boolean origin=null
                                  arg0: GET_VAR 'val tmp0: kotlin.Int [val] declared in com.yanchelenko.piggybank.navigation.ui.OnLifecycleEventKt.OnLifecycleEvent.<no name provided>.invokeSuspend.<no name provided>.invokeSuspend$lambda$0' type=kotlin.Int origin=null
                                  arg1: CONST Int type=kotlin.Int value=1
                                then: BLOCK type=kotlin.Unit? origin=FOLDED_SAFE_CALL
                                  WHEN type=kotlin.Unit? origin=FOLDED_SAFE_CALL
                                    BRANCH
                                      if: COMPOSITE type=kotlin.Boolean origin=null
                                        CALL 'public final fun not (): kotlin.Boolean [operator] declared in kotlin.Boolean' type=kotlin.Boolean origin=null
                                          $this: CALL 'public final fun EQEQ (arg0: kotlin.Any?, arg1: kotlin.Any?): kotlin.Boolean declared in kotlin.internal.ir' type=kotlin.Boolean origin=null
                                            arg0: GET_VAR '$onResume: kotlin.Function0<kotlin.Unit>? declared in com.yanchelenko.piggybank.navigation.ui.OnLifecycleEventKt.OnLifecycleEvent.<no name provided>.invokeSuspend.<no name provided>.invokeSuspend$lambda$0' type=kotlin.Function0<kotlin.Unit>? origin=null
                                            arg1: CONST Null type=kotlin.Nothing? value=null
                                      then: CALL 'public abstract fun invoke (): R of kotlin.Function0 [operator] declared in kotlin.Function0' type=kotlin.Unit origin=INVOKE
                                        $this: GET_VAR '$onResume: kotlin.Function0<kotlin.Unit>? declared in com.yanchelenko.piggybank.navigation.ui.OnLifecycleEventKt.OnLifecycleEvent.<no name provided>.invokeSuspend.<no name provided>.invokeSuspend$lambda$0' type=kotlin.Function0<kotlin.Unit>? origin=null
                                    BRANCH
                                      if: CONST Boolean type=kotlin.Boolean value=true
                                      then: CONST Null type=kotlin.Nothing? value=null
                              BRANCH
                                if: CALL 'public final fun EQEQ (arg0: kotlin.Any?, arg1: kotlin.Any?): kotlin.Boolean declared in kotlin.internal.ir' type=kotlin.Boolean origin=null
                                  arg0: GET_VAR 'val tmp0: kotlin.Int [val] declared in com.yanchelenko.piggybank.navigation.ui.OnLifecycleEventKt.OnLifecycleEvent.<no name provided>.invokeSuspend.<no name provided>.invokeSuspend$lambda$0' type=kotlin.Int origin=null
                                  arg1: CONST Int type=kotlin.Int value=2
                                then: BLOCK type=kotlin.Unit? origin=FOLDED_SAFE_CALL
                                  WHEN type=kotlin.Unit? origin=FOLDED_SAFE_CALL
                                    BRANCH
                                      if: COMPOSITE type=kotlin.Boolean origin=null
                                        CALL 'public final fun not (): kotlin.Boolean [operator] declared in kotlin.Boolean' type=kotlin.Boolean origin=null
                                          $this: CALL 'public final fun EQEQ (arg0: kotlin.Any?, arg1: kotlin.Any?): kotlin.Boolean declared in kotlin.internal.ir' type=kotlin.Boolean origin=null
                                            arg0: GET_VAR '$onDestroy: kotlin.Function0<kotlin.Unit>? declared in com.yanchelenko.piggybank.navigation.ui.OnLifecycleEventKt.OnLifecycleEvent.<no name provided>.invokeSuspend.<no name provided>.invokeSuspend$lambda$0' type=kotlin.Function0<kotlin.Unit>? origin=null
                                            arg1: CONST Null type=kotlin.Nothing? value=null
                                      then: CALL 'public abstract fun invoke (): R of kotlin.Function0 [operator] declared in kotlin.Function0' type=kotlin.Unit origin=INVOKE
                                        $this: GET_VAR '$onDestroy: kotlin.Function0<kotlin.Unit>? declared in com.yanchelenko.piggybank.navigation.ui.OnLifecycleEventKt.OnLifecycleEvent.<no name provided>.invokeSuspend.<no name provided>.invokeSuspend$lambda$0' type=kotlin.Function0<kotlin.Unit>? origin=null
                                    BRANCH
                                      if: CONST Boolean type=kotlin.Boolean value=true
                                      then: CONST Null type=kotlin.Nothing? value=null
                              BRANCH
                                if: CONST Boolean type=kotlin.Boolean value=true
                                then: GET_FIELD 'FIELD FIELD_FOR_OBJECT_INSTANCE name:INSTANCE type:kotlin.Unit visibility:public [final,static]' type=kotlin.Unit origin=null
                    FUN BRIDGE name:invoke visibility:public modality:OPEN <> ($this:com.yanchelenko.piggybank.navigation.ui.OnLifecycleEventKt.OnLifecycleEvent.<no name provided>.invokeSuspend.<no name provided>, p1:kotlin.Any?, p2:kotlin.Any?) returnType:kotlin.Any?
                      $this: VALUE_PARAMETER INSTANCE_RECEIVER name:<this> type:com.yanchelenko.piggybank.navigation.ui.OnLifecycleEventKt.OnLifecycleEvent.<no name provided>.invokeSuspend.<no name provided>
                      VALUE_PARAMETER BRIDGE name:p1 index:0 type:kotlin.Any?
                      VALUE_PARAMETER BRIDGE name:p2 index:1 type:kotlin.Any?
                      EXPRESSION_BODY
                        RETURN type=kotlin.Nothing from='public open fun invoke (p1: kotlin.Any?, p2: kotlin.Any?): kotlin.Any? declared in com.yanchelenko.piggybank.navigation.ui.OnLifecycleEventKt.OnLifecycleEvent.<no name provided>.invokeSuspend.<no name provided>'
                          CALL 'public final fun invoke (p1: @[ParameterName(name = "value")] androidx.navigation.NavBackStackEntry, p2: kotlin.coroutines.Continuation<kotlin.Unit>?): kotlin.Any? declared in com.yanchelenko.piggybank.navigation.ui.OnLifecycleEventKt.OnLifecycleEvent.<no name provided>.invokeSuspend.<no name provided>' type=kotlin.Any? origin=BRIDGE_DELEGATION
                            $this: GET_VAR '<this>: com.yanchelenko.piggybank.navigation.ui.OnLifecycleEventKt.OnLifecycleEvent.<no name provided>.invokeSuspend.<no name provided> declared in com.yanchelenko.piggybank.navigation.ui.OnLifecycleEventKt.OnLifecycleEvent.<no name provided>.invokeSuspend.<no name provided>.invoke' type=com.yanchelenko.piggybank.navigation.ui.OnLifecycleEventKt.OnLifecycleEvent.<no name provided>.invokeSuspend.<no name provided> origin=null
                            p1: TYPE_OP type=androidx.navigation.NavBackStackEntry origin=IMPLICIT_CAST typeOperand=androidx.navigation.NavBackStackEntry
                              GET_VAR 'p1: kotlin.Any? declared in com.yanchelenko.piggybank.navigation.ui.OnLifecycleEventKt.OnLifecycleEvent.<no name provided>.invokeSuspend.<no name provided>.invoke' type=kotlin.Any? origin=null
                            p2: TYPE_OP type=kotlin.coroutines.Continuation<*> origin=IMPLICIT_CAST typeOperand=kotlin.coroutines.Continuation<*>
                              GET_VAR 'p2: kotlin.Any? declared in com.yanchelenko.piggybank.navigation.ui.OnLifecycleEventKt.OnLifecycleEvent.<no name provided>.invokeSuspend.<no name provided>.invoke' type=kotlin.Any? origin=null
                  CONSTRUCTOR_CALL 'public/*package*/ constructor <init> ($route: kotlin.String, $onResume: kotlin.Function0<kotlin.Unit>?, $onDestroy: kotlin.Function0<kotlin.Unit>?, $completion: kotlin.coroutines.Continuation<com.yanchelenko.piggybank.navigation.ui.OnLifecycleEventKt.OnLifecycleEvent.<no name provided>.invokeSuspend.<no name provided>>?) [primary] declared in com.yanchelenko.piggybank.navigation.ui.OnLifecycleEventKt.OnLifecycleEvent.<no name provided>.invokeSuspend.<no name provided>' type=com.yanchelenko.piggybank.navigation.ui.OnLifecycleEventKt.OnLifecycleEvent.<no name provided>.invokeSuspend.<no name provided> origin=null
                    $route: GET_FIELD 'FIELD FIELD_FOR_CAPTURED_VALUE name:$route type:kotlin.String visibility:public/*package*/ [final]' type=kotlin.String origin=null
                      receiver: GET_VAR '<this>: com.yanchelenko.piggybank.navigation.ui.OnLifecycleEventKt.OnLifecycleEvent.<no name provided> declared in com.yanchelenko.piggybank.navigation.ui.OnLifecycleEventKt.OnLifecycleEvent.<no name provided>.invokeSuspend' type=com.yanchelenko.piggybank.navigation.ui.OnLifecycleEventKt.OnLifecycleEvent.<no name provided> origin=null
                    $onResume: GET_FIELD 'FIELD FIELD_FOR_CAPTURED_VALUE name:$onResume type:kotlin.Function0<kotlin.Unit>? visibility:public/*package*/ [final]' type=kotlin.Function0<kotlin.Unit>? origin=null
                      receiver: GET_VAR '<this>: com.yanchelenko.piggybank.navigation.ui.OnLifecycleEventKt.OnLifecycleEvent.<no name provided> declared in com.yanchelenko.piggybank.navigation.ui.OnLifecycleEventKt.OnLifecycleEvent.<no name provided>.invokeSuspend' type=com.yanchelenko.piggybank.navigation.ui.OnLifecycleEventKt.OnLifecycleEvent.<no name provided> origin=null
                    $onDestroy: GET_FIELD 'FIELD FIELD_FOR_CAPTURED_VALUE name:$onDestroy type:kotlin.Function0<kotlin.Unit>? visibility:public/*package*/ [final]' type=kotlin.Function0<kotlin.Unit>? origin=null
                      receiver: GET_VAR '<this>: com.yanchelenko.piggybank.navigation.ui.OnLifecycleEventKt.OnLifecycleEvent.<no name provided> declared in com.yanchelenko.piggybank.navigation.ui.OnLifecycleEventKt.OnLifecycleEvent.<no name provided>.invokeSuspend' type=com.yanchelenko.piggybank.navigation.ui.OnLifecycleEventKt.OnLifecycleEvent.<no name provided> origin=null
                    $completion: CONST Null type=kotlin.Nothing? value=null
                $completion: GET_VAR '<this>: com.yanchelenko.piggybank.navigation.ui.OnLifecycleEventKt.OnLifecycleEvent.<no name provided> declared in com.yanchelenko.piggybank.navigation.ui.OnLifecycleEventKt.OnLifecycleEvent.<no name provided>.invokeSuspend' type=com.yanchelenko.piggybank.navigation.ui.OnLifecycleEventKt.OnLifecycleEvent.<no name provided> origin=null
          FUN name:create visibility:public modality:FINAL <> ($this:com.yanchelenko.piggybank.navigation.ui.OnLifecycleEventKt.OnLifecycleEvent.<no name provided>, value:kotlin.Any?, $completion:kotlin.coroutines.Continuation<kotlin.Nothing>) returnType:kotlin.coroutines.Continuation<kotlin.Unit>
            overridden:
              public open fun create (value: kotlin.Any?, $completion: kotlin.coroutines.Continuation<kotlin.Nothing>): kotlin.coroutines.Continuation<kotlin.Unit> declared in kotlin.coroutines.jvm.internal.SuspendLambda
            $this: VALUE_PARAMETER INSTANCE_RECEIVER name:<this> type:com.yanchelenko.piggybank.navigation.ui.OnLifecycleEventKt.OnLifecycleEvent.<no name provided>
            VALUE_PARAMETER name:value index:0 type:kotlin.Any?
            VALUE_PARAMETER name:$completion index:1 type:kotlin.coroutines.Continuation<kotlin.Nothing>
            BLOCK_BODY
              RETURN type=kotlin.Nothing from='public final fun create (value: kotlin.Any?, $completion: kotlin.coroutines.Continuation<kotlin.Nothing>): kotlin.coroutines.Continuation<kotlin.Unit> declared in com.yanchelenko.piggybank.navigation.ui.OnLifecycleEventKt.OnLifecycleEvent.<no name provided>'
                CONSTRUCTOR_CALL 'public/*package*/ constructor <init> ($navController: androidx.navigation.NavController, $route: kotlin.String, $onResume: kotlin.Function0<kotlin.Unit>?, $onDestroy: kotlin.Function0<kotlin.Unit>?, $completion: kotlin.coroutines.Continuation<com.yanchelenko.piggybank.navigation.ui.OnLifecycleEventKt.OnLifecycleEvent.<no name provided>>?) [primary] declared in com.yanchelenko.piggybank.navigation.ui.OnLifecycleEventKt.OnLifecycleEvent.<no name provided>' type=com.yanchelenko.piggybank.navigation.ui.OnLifecycleEventKt.OnLifecycleEvent.<no name provided> origin=null
                  $navController: GET_FIELD 'FIELD FIELD_FOR_CAPTURED_VALUE name:$navController type:androidx.navigation.NavController visibility:public/*package*/ [final]' type=androidx.navigation.NavController origin=null
                    receiver: GET_VAR '<this>: com.yanchelenko.piggybank.navigation.ui.OnLifecycleEventKt.OnLifecycleEvent.<no name provided> declared in com.yanchelenko.piggybank.navigation.ui.OnLifecycleEventKt.OnLifecycleEvent.<no name provided>.create' type=com.yanchelenko.piggybank.navigation.ui.OnLifecycleEventKt.OnLifecycleEvent.<no name provided> origin=null
                  $route: GET_FIELD 'FIELD FIELD_FOR_CAPTURED_VALUE name:$route type:kotlin.String visibility:public/*package*/ [final]' type=kotlin.String origin=null
                    receiver: GET_VAR '<this>: com.yanchelenko.piggybank.navigation.ui.OnLifecycleEventKt.OnLifecycleEvent.<no name provided> declared in com.yanchelenko.piggybank.navigation.ui.OnLifecycleEventKt.OnLifecycleEvent.<no name provided>.create' type=com.yanchelenko.piggybank.navigation.ui.OnLifecycleEventKt.OnLifecycleEvent.<no name provided> origin=null
                  $onResume: GET_FIELD 'FIELD FIELD_FOR_CAPTURED_VALUE name:$onResume type:kotlin.Function0<kotlin.Unit>? visibility:public/*package*/ [final]' type=kotlin.Function0<kotlin.Unit>? origin=null
                    receiver: GET_VAR '<this>: com.yanchelenko.piggybank.navigation.ui.OnLifecycleEventKt.OnLifecycleEvent.<no name provided> declared in com.yanchelenko.piggybank.navigation.ui.OnLifecycleEventKt.OnLifecycleEvent.<no name provided>.create' type=com.yanchelenko.piggybank.navigation.ui.OnLifecycleEventKt.OnLifecycleEvent.<no name provided> origin=null
                  $onDestroy: GET_FIELD 'FIELD FIELD_FOR_CAPTURED_VALUE name:$onDestroy type:kotlin.Function0<kotlin.Unit>? visibility:public/*package*/ [final]' type=kotlin.Function0<kotlin.Unit>? origin=null
                    receiver: GET_VAR '<this>: com.yanchelenko.piggybank.navigation.ui.OnLifecycleEventKt.OnLifecycleEvent.<no name provided> declared in com.yanchelenko.piggybank.navigation.ui.OnLifecycleEventKt.OnLifecycleEvent.<no name provided>.create' type=com.yanchelenko.piggybank.navigation.ui.OnLifecycleEventKt.OnLifecycleEvent.<no name provided> origin=null
                  $completion: GET_VAR '$completion: kotlin.coroutines.Continuation<kotlin.Nothing> declared in com.yanchelenko.piggybank.navigation.ui.OnLifecycleEventKt.OnLifecycleEvent.<no name provided>.create' type=kotlin.coroutines.Continuation<kotlin.Nothing> origin=null
          FUN name:invoke visibility:public modality:FINAL <> ($this:com.yanchelenko.piggybank.navigation.ui.OnLifecycleEventKt.OnLifecycleEvent.<no name provided>, p1:kotlinx.coroutines.CoroutineScope, p2:kotlin.coroutines.Continuation<kotlin.Unit>?) returnType:kotlin.Any?
            overridden:
              public abstract fun invoke (p1: P1 of kotlin.jvm.functions.Function2, p2: P2 of kotlin.jvm.functions.Function2): R of kotlin.jvm.functions.Function2 declared in kotlin.jvm.functions.Function2
            $this: VALUE_PARAMETER INSTANCE_RECEIVER name:<this> type:com.yanchelenko.piggybank.navigation.ui.OnLifecycleEventKt.OnLifecycleEvent.<no name provided>
            VALUE_PARAMETER name:p1 index:0 type:kotlinx.coroutines.CoroutineScope
            VALUE_PARAMETER name:p2 index:1 type:kotlin.coroutines.Continuation<kotlin.Unit>?
            BLOCK_BODY
              RETURN type=kotlin.Nothing from='public final fun invoke (p1: kotlinx.coroutines.CoroutineScope, p2: kotlin.coroutines.Continuation<kotlin.Unit>?): kotlin.Any? declared in com.yanchelenko.piggybank.navigation.ui.OnLifecycleEventKt.OnLifecycleEvent.<no name provided>'
                CALL 'public final fun invokeSuspend ($result: kotlin.Result<kotlin.Any?>): kotlin.Any? declared in com.yanchelenko.piggybank.navigation.ui.OnLifecycleEventKt.OnLifecycleEvent.<no name provided>' type=kotlin.Any? origin=null
                  $this: TYPE_OP type=com.yanchelenko.piggybank.navigation.ui.OnLifecycleEventKt.OnLifecycleEvent.<no name provided> origin=IMPLICIT_CAST typeOperand=com.yanchelenko.piggybank.navigation.ui.OnLifecycleEventKt.OnLifecycleEvent.<no name provided>
                    CALL 'public final fun create (value: kotlin.Any?, $completion: kotlin.coroutines.Continuation<kotlin.Nothing>): kotlin.coroutines.Continuation<kotlin.Unit> declared in com.yanchelenko.piggybank.navigation.ui.OnLifecycleEventKt.OnLifecycleEvent.<no name provided>' type=kotlin.coroutines.Continuation<kotlin.Unit> origin=null
                      $this: GET_VAR '<this>: com.yanchelenko.piggybank.navigation.ui.OnLifecycleEventKt.OnLifecycleEvent.<no name provided> declared in com.yanchelenko.piggybank.navigation.ui.OnLifecycleEventKt.OnLifecycleEvent.<no name provided>.invoke' type=com.yanchelenko.piggybank.navigation.ui.OnLifecycleEventKt.OnLifecycleEvent.<no name provided> origin=null
                      value: GET_VAR 'p1: kotlinx.coroutines.CoroutineScope declared in com.yanchelenko.piggybank.navigation.ui.OnLifecycleEventKt.OnLifecycleEvent.<no name provided>.invoke' type=kotlinx.coroutines.CoroutineScope origin=null
                      $completion: GET_VAR 'p2: kotlin.coroutines.Continuation<kotlin.Unit>? declared in com.yanchelenko.piggybank.navigation.ui.OnLifecycleEventKt.OnLifecycleEvent.<no name provided>.invoke' type=kotlin.coroutines.Continuation<kotlin.Unit>? origin=null
                  $result: CALL 'public final fun <unsafe-coerce> <T, R> (v: T of kotlin.jvm.internal.<unsafe-coerce>): R of kotlin.jvm.internal.<unsafe-coerce> declared in kotlin.jvm.internal' type=kotlin.Result<kotlin.Any?> origin=null
                    <T>: kotlin.Any?
                    <R>: kotlin.Result<kotlin.Any?>
                    v: GET_FIELD 'FIELD FIELD_FOR_OBJECT_INSTANCE name:INSTANCE type:kotlin.Unit visibility:public [final,static]' type=kotlin.Unit origin=null
          FIELD FIELD_FOR_CAPTURED_VALUE name:$navController type:androidx.navigation.NavController visibility:public/*package*/ [final]
          FIELD FIELD_FOR_CAPTURED_VALUE name:$route type:kotlin.String visibility:public/*package*/ [final]
          FIELD FIELD_FOR_CAPTURED_VALUE name:$onResume type:kotlin.Function0<kotlin.Unit>? visibility:public/*package*/ [final]
          FIELD FIELD_FOR_CAPTURED_VALUE name:$onDestroy type:kotlin.Function0<kotlin.Unit>? visibility:public/*package*/ [final]
          FUN BRIDGE name:invoke visibility:public modality:OPEN <> ($this:com.yanchelenko.piggybank.navigation.ui.OnLifecycleEventKt.OnLifecycleEvent.<no name provided>, p1:kotlin.Any?, p2:kotlin.Any?) returnType:kotlin.Any?
            $this: VALUE_PARAMETER INSTANCE_RECEIVER name:<this> type:com.yanchelenko.piggybank.navigation.ui.OnLifecycleEventKt.OnLifecycleEvent.<no name provided>
            VALUE_PARAMETER BRIDGE name:p1 index:0 type:kotlin.Any?
            VALUE_PARAMETER BRIDGE name:p2 index:1 type:kotlin.Any?
            EXPRESSION_BODY
              RETURN type=kotlin.Nothing from='public open fun invoke (p1: kotlin.Any?, p2: kotlin.Any?): kotlin.Any? declared in com.yanchelenko.piggybank.navigation.ui.OnLifecycleEventKt.OnLifecycleEvent.<no name provided>'
                CALL 'public final fun invoke (p1: kotlinx.coroutines.CoroutineScope, p2: kotlin.coroutines.Continuation<kotlin.Unit>?): kotlin.Any? declared in com.yanchelenko.piggybank.navigation.ui.OnLifecycleEventKt.OnLifecycleEvent.<no name provided>' type=kotlin.Any? origin=BRIDGE_DELEGATION
                  $this: GET_VAR '<this>: com.yanchelenko.piggybank.navigation.ui.OnLifecycleEventKt.OnLifecycleEvent.<no name provided> declared in com.yanchelenko.piggybank.navigation.ui.OnLifecycleEventKt.OnLifecycleEvent.<no name provided>.invoke' type=com.yanchelenko.piggybank.navigation.ui.OnLifecycleEventKt.OnLifecycleEvent.<no name provided> origin=null
                  p1: TYPE_OP type=kotlinx.coroutines.CoroutineScope origin=IMPLICIT_CAST typeOperand=kotlinx.coroutines.CoroutineScope
                    GET_VAR 'p1: kotlin.Any? declared in com.yanchelenko.piggybank.navigation.ui.OnLifecycleEventKt.OnLifecycleEvent.<no name provided>.invoke' type=kotlin.Any? origin=null
                  p2: TYPE_OP type=kotlin.coroutines.Continuation<*> origin=IMPLICIT_CAST typeOperand=kotlin.coroutines.Continuation<*>
                    GET_VAR 'p2: kotlin.Any? declared in com.yanchelenko.piggybank.navigation.ui.OnLifecycleEventKt.OnLifecycleEvent.<no name provided>.invoke' type=kotlin.Any? origin=null
        CONSTRUCTOR_CALL 'public/*package*/ constructor <init> ($navController: androidx.navigation.NavController, $route: kotlin.String, $onResume: kotlin.Function0<kotlin.Unit>?, $onDestroy: kotlin.Function0<kotlin.Unit>?, $completion: kotlin.coroutines.Continuation<com.yanchelenko.piggybank.navigation.ui.OnLifecycleEventKt.OnLifecycleEvent.<no name provided>>?) [primary] declared in com.yanchelenko.piggybank.navigation.ui.OnLifecycleEventKt.OnLifecycleEvent.<no name provided>' type=com.yanchelenko.piggybank.navigation.ui.OnLifecycleEventKt.OnLifecycleEvent.<no name provided> origin=null
          $navController: GET_VAR 'val navController: androidx.navigation.NavController [val] declared in com.yanchelenko.piggybank.navigation.ui.OnLifecycleEventKt.OnLifecycleEvent' type=androidx.navigation.NavController origin=null
          $route: GET_VAR 'route: kotlin.String declared in com.yanchelenko.piggybank.navigation.ui.OnLifecycleEventKt.OnLifecycleEvent' type=kotlin.String origin=null
          $onResume: GET_VAR 'onResume: kotlin.Function0<kotlin.Unit>? declared in com.yanchelenko.piggybank.navigation.ui.OnLifecycleEventKt.OnLifecycleEvent' type=kotlin.Function0<kotlin.Unit>? origin=null
          $onDestroy: GET_VAR 'onDestroy: kotlin.Function0<kotlin.Unit>? declared in com.yanchelenko.piggybank.navigation.ui.OnLifecycleEventKt.OnLifecycleEvent' type=kotlin.Function0<kotlin.Unit>? origin=null
          $completion: CONST Null type=kotlin.Nothing? value=null

	at org.jetbrains.kotlin.backend.jvm.codegen.FunctionCodegen.generate(FunctionCodegen.kt:50)
	at org.jetbrains.kotlin.backend.jvm.codegen.FunctionCodegen.generate$default(FunctionCodegen.kt:42)
	at org.jetbrains.kotlin.backend.jvm.codegen.ClassCodegen.generateMethodNode(ClassCodegen.kt:385)
	at org.jetbrains.kotlin.backend.jvm.codegen.ClassCodegen.generateMethod(ClassCodegen.kt:402)
	at org.jetbrains.kotlin.backend.jvm.codegen.ClassCodegen.generate(ClassCodegen.kt:169)
	at org.jetbrains.kotlin.backend.jvm.FileCodegen.lower(JvmPhases.kt:41)
	at org.jetbrains.kotlin.backend.common.phaser.PhaseBuildersKt.makeIrFilePhase$lambda$5(PhaseBuilders.kt:114)
	at org.jetbrains.kotlin.backend.common.phaser.PhaseBuildersKt$createSimpleNamedCompilerPhase$1.phaseBody(PhaseBuilders.kt:71)
	at org.jetbrains.kotlin.backend.common.phaser.SimpleNamedCompilerPhase.phaseBody(CompilerPhase.kt:226)
	at org.jetbrains.kotlin.backend.common.phaser.AbstractNamedCompilerPhase.invoke(CompilerPhase.kt:113)
	at org.jetbrains.kotlin.backend.common.phaser.PerformByIrFilePhase.invokeSequential(performByIrFile.kt:62)
	... 44 more
Caused by: org.jetbrains.kotlin.codegen.CompilationException: Back-end (JVM) Internal error: Couldn't inline method call: CALL 'public final fun <get-current> (): T of androidx.compose.runtime.CompositionLocal [inline] declared in androidx.compose.runtime.CompositionLocal' type=androidx.navigation.NavController origin=GET_PROPERTY
Method: null
File is unknown
The root cause java.lang.IllegalStateException was thrown at: org.jetbrains.kotlin.codegen.inline.SourceCompilerForInlineKt.getMethodNode(SourceCompilerForInline.kt:118)
	at org.jetbrains.kotlin.codegen.inline.InlineCodegen.performInline(InlineCodegen.kt:65)
	at org.jetbrains.kotlin.backend.jvm.codegen.IrInlineCodegen.genInlineCall(IrInlineCodegen.kt:162)
	at org.jetbrains.kotlin.backend.jvm.codegen.IrInlineCallGenerator.genCall(IrInlineCallGenerator.kt:36)
	at org.jetbrains.kotlin.backend.jvm.codegen.ExpressionCodegen.visitCall(ExpressionCodegen.kt:647)
	at org.jetbrains.kotlin.backend.jvm.codegen.ExpressionCodegen.visitCall(ExpressionCodegen.kt:137)
	at org.jetbrains.kotlin.ir.expressions.IrCall.accept(IrCall.kt:24)
	at org.jetbrains.kotlin.backend.jvm.codegen.ExpressionCodegen.visitVariable(ExpressionCodegen.kt:784)
	at org.jetbrains.kotlin.backend.jvm.codegen.ExpressionCodegen.visitVariable(ExpressionCodegen.kt:137)
	at org.jetbrains.kotlin.ir.declarations.IrVariable.accept(IrVariable.kt:36)
	at org.jetbrains.kotlin.backend.jvm.codegen.ExpressionCodegen.visitStatementContainer(ExpressionCodegen.kt:573)
	at org.jetbrains.kotlin.backend.jvm.codegen.ExpressionCodegen.visitBlockBody(ExpressionCodegen.kt:578)
	at org.jetbrains.kotlin.backend.jvm.codegen.ExpressionCodegen.visitBlockBody(ExpressionCodegen.kt:137)
	at org.jetbrains.kotlin.ir.expressions.IrBlockBody.accept(IrBlockBody.kt:20)
	at org.jetbrains.kotlin.backend.jvm.codegen.ExpressionCodegen.generate(ExpressionCodegen.kt:239)
	at org.jetbrains.kotlin.backend.jvm.codegen.FunctionCodegen.doGenerate(FunctionCodegen.kt:121)
	at org.jetbrains.kotlin.backend.jvm.codegen.FunctionCodegen.generate(FunctionCodegen.kt:46)
	... 54 more
Caused by: java.lang.IllegalStateException: couldn't find inline method Landroidx/compose/runtime/CompositionLocal;.getCurrent()Ljava/lang/Object;
	at org.jetbrains.kotlin.codegen.inline.SourceCompilerForInlineKt.getMethodNode(SourceCompilerForInline.kt:118)
	at org.jetbrains.kotlin.codegen.inline.SourceCompilerForInlineKt.loadCompiledInlineFunction(SourceCompilerForInline.kt:96)
	at org.jetbrains.kotlin.backend.jvm.codegen.IrSourceCompilerForInline.compileInlineFunction(IrSourceCompilerForInline.kt:91)
	at org.jetbrains.kotlin.codegen.inline.InlineCodegen.compileInline(InlineCodegen.kt:43)
	at org.jetbrains.kotlin.codegen.inline.InlineCodegen.performInline(InlineCodegen.kt:51)
	... 69 more


