kotlin version: 2.0.0
error message: org.jetbrains.kotlin.backend.common.BackendException: Backend Internal error: Exception during IR lowering
File being compiled: /Users/home_folder/AndroidStudioProjects/PiggyBank/features/scanner/src/main/kotlin/com/yanchelenko/piggybank/presentation/ScannerScreen.kt
The root cause java.lang.RuntimeException was thrown at: org.jetbrains.kotlin.backend.jvm.codegen.FunctionCodegen.generate(FunctionCodegen.kt:50)
	at org.jetbrains.kotlin.backend.common.CodegenUtil.reportBackendException(CodegenUtil.kt:253)
	at org.jetbrains.kotlin.backend.common.CodegenUtil.reportBackendException$default(CodegenUtil.kt:236)
	at org.jetbrains.kotlin.backend.common.phaser.PerformByIrFilePhase.invokeSequential(performByIrFile.kt:65)
	at org.jetbrains.kotlin.backend.common.phaser.PerformByIrFilePhase.invoke(performByIrFile.kt:52)
	at org.jetbrains.kotlin.backend.common.phaser.PerformByIrFilePhase.invoke(performByIrFile.kt:38)
	at org.jetbrains.kotlin.backend.common.phaser.NamedCompilerPhase.phaseBody(CompilerPhase.kt:166)
	at org.jetbrains.kotlin.backend.common.phaser.AbstractNamedCompilerPhase.invoke(CompilerPhase.kt:113)
	at org.jetbrains.kotlin.backend.common.phaser.CompositePhase.invoke(PhaseBuilders.kt:29)
	at org.jetbrains.kotlin.backend.common.phaser.CompositePhase.invoke(PhaseBuilders.kt:16)
	at org.jetbrains.kotlin.backend.common.phaser.NamedCompilerPhase.phaseBody(CompilerPhase.kt:166)
	at org.jetbrains.kotlin.backend.common.phaser.AbstractNamedCompilerPhase.invoke(CompilerPhase.kt:113)
	at org.jetbrains.kotlin.backend.common.phaser.CompilerPhaseKt.invokeToplevel(CompilerPhase.kt:62)
	at org.jetbrains.kotlin.backend.jvm.JvmIrCodegenFactory.invokeCodegen(JvmIrCodegenFactory.kt:371)
	at org.jetbrains.kotlin.codegen.CodegenFactory.generateModule(CodegenFactory.kt:47)
	at org.jetbrains.kotlin.backend.jvm.JvmIrCodegenFactory.generateModuleInFrontendIRMode(JvmIrCodegenFactory.kt:433)
	at org.jetbrains.kotlin.cli.jvm.compiler.pipeline.JvmCompilerPipelineKt.generateCodeFromIr(jvmCompilerPipeline.kt:241)
	at org.jetbrains.kotlin.cli.jvm.compiler.pipeline.JvmCompilerPipelineKt.compileModulesUsingFrontendIrAndLightTree(jvmCompilerPipeline.kt:140)
	at org.jetbrains.kotlin.cli.jvm.K2JVMCompiler.doExecute(K2JVMCompiler.kt:155)
	at org.jetbrains.kotlin.cli.jvm.K2JVMCompiler.doExecute(K2JVMCompiler.kt:50)
	at org.jetbrains.kotlin.cli.common.CLICompiler.execImpl(CLICompiler.kt:104)
	at org.jetbrains.kotlin.cli.common.CLICompiler.execImpl(CLICompiler.kt:48)
	at org.jetbrains.kotlin.cli.common.CLITool.exec(CLITool.kt:101)
	at org.jetbrains.kotlin.incremental.IncrementalJvmCompilerRunner.runCompiler(IncrementalJvmCompilerRunner.kt:453)
	at org.jetbrains.kotlin.incremental.IncrementalJvmCompilerRunner.runCompiler(IncrementalJvmCompilerRunner.kt:62)
	at org.jetbrains.kotlin.incremental.IncrementalCompilerRunner.doCompile(IncrementalCompilerRunner.kt:506)
	at org.jetbrains.kotlin.incremental.IncrementalCompilerRunner.compileImpl(IncrementalCompilerRunner.kt:423)
	at org.jetbrains.kotlin.incremental.IncrementalCompilerRunner.tryCompileIncrementally$lambda$9$compile(IncrementalCompilerRunner.kt:249)
	at org.jetbrains.kotlin.incremental.IncrementalCompilerRunner.tryCompileIncrementally(IncrementalCompilerRunner.kt:267)
	at org.jetbrains.kotlin.incremental.IncrementalCompilerRunner.compile(IncrementalCompilerRunner.kt:120)
	at org.jetbrains.kotlin.daemon.CompileServiceImplBase.execIncrementalCompiler(CompileServiceImpl.kt:676)
	at org.jetbrains.kotlin.daemon.CompileServiceImplBase.access$execIncrementalCompiler(CompileServiceImpl.kt:92)
	at org.jetbrains.kotlin.daemon.CompileServiceImpl.compile(CompileServiceImpl.kt:1661)
	at java.base/jdk.internal.reflect.DirectMethodHandleAccessor.invoke(Unknown Source)
	at java.base/java.lang.reflect.Method.invoke(Unknown Source)
	at java.rmi/sun.rmi.server.UnicastServerRef.dispatch(Unknown Source)
	at java.rmi/sun.rmi.transport.Transport$1.run(Unknown Source)
	at java.rmi/sun.rmi.transport.Transport$1.run(Unknown Source)
	at java.base/java.security.AccessController.doPrivileged(Unknown Source)
	at java.rmi/sun.rmi.transport.Transport.serviceCall(Unknown Source)
	at java.rmi/sun.rmi.transport.tcp.TCPTransport.handleMessages(Unknown Source)
	at java.rmi/sun.rmi.transport.tcp.TCPTransport$ConnectionHandler.run0(Unknown Source)
	at java.rmi/sun.rmi.transport.tcp.TCPTransport$ConnectionHandler.lambda$run$0(Unknown Source)
	at java.base/java.security.AccessController.doPrivileged(Unknown Source)
	at java.rmi/sun.rmi.transport.tcp.TCPTransport$ConnectionHandler.run(Unknown Source)
	at java.base/java.util.concurrent.ThreadPoolExecutor.runWorker(Unknown Source)
	at java.base/java.util.concurrent.ThreadPoolExecutor$Worker.run(Unknown Source)
	at java.base/java.lang.Thread.run(Unknown Source)
Caused by: java.lang.RuntimeException: Exception while generating code for:
FUN name:ScannerScreen visibility:public modality:FINAL <> (onQrCodeDetected:kotlin.Function1<kotlin.String, kotlin.Unit>, modifier:androidx.compose.ui.Modifier) returnType:kotlin.Unit
  annotations:
    Composable
  VALUE_PARAMETER name:onQrCodeDetected index:0 type:kotlin.Function1<kotlin.String, kotlin.Unit>
  VALUE_PARAMETER name:modifier index:1 type:androidx.compose.ui.Modifier
  BLOCK_BODY
    VAR PROPERTY_DELEGATE name:barcode$delegate type:androidx.compose.runtime.MutableState<kotlin.String?> [val]
      CALL 'public final fun remember <T> (calculation: @[DisallowComposableCalls] kotlin.Function0<T of androidx.compose.runtime.ComposablesKt.remember>): T of androidx.compose.runtime.ComposablesKt.remember [inline] declared in androidx.compose.runtime.ComposablesKt' type=androidx.compose.runtime.MutableState<kotlin.String?> origin=null
        <T>: androidx.compose.runtime.MutableState<kotlin.String?>
        calculation: BLOCK type=kotlin.Function0<androidx.compose.runtime.MutableState<kotlin.String?>> origin=LAMBDA
          COMPOSITE type=kotlin.Unit origin=null
          FUNCTION_REFERENCE 'private final fun ScannerScreen$lambda$0 (): androidx.compose.runtime.MutableState<kotlin.String?> declared in com.yanchelenko.piggybank.presentation.ScannerScreenKt' type=kotlin.Function0<androidx.compose.runtime.MutableState<kotlin.String?>> origin=INLINE_LAMBDA reflectionTarget=null
    VAR name:context type:android.content.Context [val]
      CALL 'public final fun <get-current> (): T of androidx.compose.runtime.CompositionLocal [inline] declared in androidx.compose.runtime.CompositionLocal' type=android.content.Context origin=GET_PROPERTY
        $this: TYPE_OP type=androidx.compose.runtime.CompositionLocal<T of androidx.compose.runtime.CompositionLocal> origin=IMPLICIT_CAST typeOperand=androidx.compose.runtime.CompositionLocal<T of androidx.compose.runtime.CompositionLocal>
          CALL 'public final fun <get-LocalContext> (): androidx.compose.runtime.ProvidableCompositionLocal<android.content.Context> declared in androidx.compose.ui.platform.AndroidCompositionLocals_androidKt' type=androidx.compose.runtime.ProvidableCompositionLocal<android.content.Context> origin=GET_PROPERTY
    VAR name:lifecycleOwner type:androidx.lifecycle.LifecycleOwner [val]
      CALL 'public final fun <get-current> (): T of androidx.compose.runtime.CompositionLocal [inline] declared in androidx.compose.runtime.CompositionLocal' type=androidx.lifecycle.LifecycleOwner origin=GET_PROPERTY
        $this: TYPE_OP type=androidx.compose.runtime.CompositionLocal<T of androidx.compose.runtime.CompositionLocal> origin=IMPLICIT_CAST typeOperand=androidx.compose.runtime.CompositionLocal<T of androidx.compose.runtime.CompositionLocal>
          CALL 'public final fun <get-LocalLifecycleOwner> (): androidx.compose.runtime.ProvidableCompositionLocal<androidx.lifecycle.LifecycleOwner> declared in androidx.lifecycle.compose.LocalLifecycleOwnerKt' type=androidx.compose.runtime.ProvidableCompositionLocal<androidx.lifecycle.LifecycleOwner> origin=GET_PROPERTY
    VAR PROPERTY_DELEGATE name:qrCodeDetected$delegate type:androidx.compose.runtime.MutableState<kotlin.Boolean> [val]
      CALL 'public final fun remember <T> (calculation: @[DisallowComposableCalls] kotlin.Function0<T of androidx.compose.runtime.ComposablesKt.remember>): T of androidx.compose.runtime.ComposablesKt.remember [inline] declared in androidx.compose.runtime.ComposablesKt' type=androidx.compose.runtime.MutableState<kotlin.Boolean> origin=null
        <T>: androidx.compose.runtime.MutableState<kotlin.Boolean>
        calculation: BLOCK type=kotlin.Function0<androidx.compose.runtime.MutableState<kotlin.Boolean>> origin=LAMBDA
          COMPOSITE type=kotlin.Unit origin=null
          FUNCTION_REFERENCE 'private final fun ScannerScreen$lambda$3 (): androidx.compose.runtime.MutableState<kotlin.Boolean> declared in com.yanchelenko.piggybank.presentation.ScannerScreenKt' type=kotlin.Function0<androidx.compose.runtime.MutableState<kotlin.Boolean>> origin=INLINE_LAMBDA reflectionTarget=null
    VAR PROPERTY_DELEGATE name:boundingRect$delegate type:androidx.compose.runtime.MutableState<android.graphics.Rect?> [val]
      CALL 'public final fun remember <T> (calculation: @[DisallowComposableCalls] kotlin.Function0<T of androidx.compose.runtime.ComposablesKt.remember>): T of androidx.compose.runtime.ComposablesKt.remember [inline] declared in androidx.compose.runtime.ComposablesKt' type=androidx.compose.runtime.MutableState<android.graphics.Rect?> origin=null
        <T>: androidx.compose.runtime.MutableState<android.graphics.Rect?>
        calculation: BLOCK type=kotlin.Function0<androidx.compose.runtime.MutableState<android.graphics.Rect?>> origin=LAMBDA
          COMPOSITE type=kotlin.Unit origin=null
          FUNCTION_REFERENCE 'private final fun ScannerScreen$lambda$6 (): androidx.compose.runtime.MutableState<android.graphics.Rect?> declared in com.yanchelenko.piggybank.presentation.ScannerScreenKt' type=kotlin.Function0<androidx.compose.runtime.MutableState<android.graphics.Rect?>> origin=INLINE_LAMBDA reflectionTarget=null
    VAR name:cameraController type:androidx.camera.view.LifecycleCameraController [val]
      CALL 'public final fun remember <T> (calculation: @[DisallowComposableCalls] kotlin.Function0<T of androidx.compose.runtime.ComposablesKt.remember>): T of androidx.compose.runtime.ComposablesKt.remember [inline] declared in androidx.compose.runtime.ComposablesKt' type=androidx.camera.view.LifecycleCameraController origin=null
        <T>: androidx.camera.view.LifecycleCameraController
        calculation: BLOCK type=kotlin.Function0<androidx.camera.view.LifecycleCameraController> origin=LAMBDA
          COMPOSITE type=kotlin.Unit origin=null
          FUNCTION_REFERENCE 'private final fun ScannerScreen$lambda$9 ($context: android.content.Context): androidx.camera.view.LifecycleCameraController declared in com.yanchelenko.piggybank.presentation.ScannerScreenKt' type=kotlin.Function0<androidx.camera.view.LifecycleCameraController> origin=INLINE_LAMBDA reflectionTarget=null
            $context: GET_VAR 'val context: android.content.Context [val] declared in com.yanchelenko.piggybank.presentation.ScannerScreenKt.ScannerScreen' type=android.content.Context origin=null
    BLOCK type=kotlin.Unit origin=ARGUMENTS_REORDERING_FOR_CALL
      VAR IR_TEMPORARY_VARIABLE name:tmp1_modifier type:androidx.compose.ui.Modifier [val]
        CALL 'public final fun fillMaxSize$default (fraction: kotlin.Float, $mask0: kotlin.Int, $handler: kotlin.Any?): androidx.compose.ui.Modifier declared in androidx.compose.foundation.layout.SizeKt' type=androidx.compose.ui.Modifier origin=DEFAULT_DISPATCH_CALL
          $receiver: GET_VAR 'modifier: androidx.compose.ui.Modifier declared in com.yanchelenko.piggybank.presentation.ScannerScreenKt.ScannerScreen' type=androidx.compose.ui.Modifier origin=null
          fraction: COMPOSITE type=kotlin.Float origin=DEFAULT_VALUE
            CONST Float type=kotlin.Float value=0.0
          $mask0: CONST Int type=kotlin.Int value=1
          $handler: CONST Null type=kotlin.Any? value=null
      CALL 'public final fun AndroidView$default <T> (factory: kotlin.Function1<android.content.Context, T of androidx.compose.ui.viewinterop.AndroidView_androidKt.AndroidView$default>, modifier: androidx.compose.ui.Modifier?, update: kotlin.Function1<T of androidx.compose.ui.viewinterop.AndroidView_androidKt.AndroidView$default, kotlin.Unit>?, $mask0: kotlin.Int, $handler: kotlin.Any?): kotlin.Unit declared in androidx.compose.ui.viewinterop.AndroidView_androidKt' type=kotlin.Unit origin=DEFAULT_DISPATCH_CALL
        <T>: androidx.camera.view.PreviewView
        factory: BLOCK type=kotlin.Function1<android.content.Context, androidx.camera.view.PreviewView> origin=LAMBDA
          COMPOSITE type=kotlin.Unit origin=null
          CALL 'public final fun <jvm-indy> <T> (dynamicCall: T of kotlin.jvm.internal.<jvm-indy>, bootstrapMethodHandle: kotlin.Any, vararg bootstrapMethodArguments: kotlin.Any): T of kotlin.jvm.internal.<jvm-indy> declared in kotlin.jvm.internal' type=kotlin.Function1<android.content.Context, androidx.camera.view.PreviewView> origin=null
            <T>: kotlin.Function1<android.content.Context, androidx.camera.view.PreviewView>
            dynamicCall: CALL 'public final fun invoke (p0: androidx.camera.view.LifecycleCameraController, p1: androidx.lifecycle.LifecycleOwner, p2: androidx.compose.runtime.MutableState<kotlin.String?>, p3: androidx.compose.runtime.MutableState<kotlin.Boolean>, p4: androidx.compose.runtime.MutableState<android.graphics.Rect?>): kotlin.Function1<android.content.Context, androidx.camera.view.PreviewView> declared in kotlin.jvm.internal.invokeDynamic' type=kotlin.Function1<android.content.Context, androidx.camera.view.PreviewView> origin=null
              p0: GET_VAR 'val cameraController: androidx.camera.view.LifecycleCameraController [val] declared in com.yanchelenko.piggybank.presentation.ScannerScreenKt.ScannerScreen' type=androidx.camera.view.LifecycleCameraController origin=null
              p1: GET_VAR 'val lifecycleOwner: androidx.lifecycle.LifecycleOwner [val] declared in com.yanchelenko.piggybank.presentation.ScannerScreenKt.ScannerScreen' type=androidx.lifecycle.LifecycleOwner origin=null
              p2: GET_VAR 'val barcode$delegate: androidx.compose.runtime.MutableState<kotlin.String?> [val] declared in com.yanchelenko.piggybank.presentation.ScannerScreenKt.ScannerScreen' type=androidx.compose.runtime.MutableState<kotlin.String?> origin=null
              p3: GET_VAR 'val qrCodeDetected$delegate: androidx.compose.runtime.MutableState<kotlin.Boolean> [val] declared in com.yanchelenko.piggybank.presentation.ScannerScreenKt.ScannerScreen' type=androidx.compose.runtime.MutableState<kotlin.Boolean> origin=null
              p4: GET_VAR 'val boundingRect$delegate: androidx.compose.runtime.MutableState<android.graphics.Rect?> [val] declared in com.yanchelenko.piggybank.presentation.ScannerScreenKt.ScannerScreen' type=androidx.compose.runtime.MutableState<android.graphics.Rect?> origin=null
            bootstrapMethodHandle: CALL 'public final fun <jvm-method-handle> (tag: kotlin.Int, owner: kotlin.String, name: kotlin.String, descriptor: kotlin.String, isInterface: kotlin.Boolean): kotlin.Any declared in kotlin.jvm.internal' type=kotlin.Any origin=null
              tag: CONST Int type=kotlin.Int value=6
              owner: CONST String type=kotlin.String value="java/lang/invoke/LambdaMetafactory"
              name: CONST String type=kotlin.String value="metafactory"
              descriptor: CONST String type=kotlin.String value="(Ljava/lang/invoke/MethodHandles$Lookup;Ljava/lang/String;Ljava/lang/invoke/MethodType;Ljava/lang/invoke/MethodType;Ljava/lang/invoke/MethodHandle;Ljava/lang/invoke/MethodType;)Ljava/lang/invoke/CallSite;"
              isInterface: CONST Boolean type=kotlin.Boolean value=false
            bootstrapMethodArguments: VARARG type=kotlin.Array<kotlin.Any> varargElementType=kotlin.Any
              CALL 'public final fun <jvm-original-method-type> (method: kotlin.Any): kotlin.Any declared in kotlin.jvm.internal' type=kotlin.Any origin=null
                method: RAW_FUNCTION_REFERENCE 'public abstract fun invoke (p1: P1 of kotlin.Function1): R of kotlin.Function1 [operator] declared in kotlin.Function1' type=kotlin.Any
              RAW_FUNCTION_REFERENCE 'private final fun ScannerScreen$lambda$12 ($cameraController: androidx.camera.view.LifecycleCameraController, $lifecycleOwner: androidx.lifecycle.LifecycleOwner, $barcode$delegate: androidx.compose.runtime.MutableState<kotlin.String?>, $qrCodeDetected$delegate: androidx.compose.runtime.MutableState<kotlin.Boolean>, $boundingRect$delegate: androidx.compose.runtime.MutableState<android.graphics.Rect?>, ctx: android.content.Context): androidx.camera.view.PreviewView declared in com.yanchelenko.piggybank.presentation.ScannerScreenKt' type=kotlin.Any
              CALL 'public final fun <jvm-original-method-type> (method: kotlin.Any): kotlin.Any declared in kotlin.jvm.internal' type=kotlin.Any origin=null
                method: RAW_FUNCTION_REFERENCE 'public abstract fun invoke (p1: android.content.Context): androidx.camera.view.PreviewView [fake_override,operator] declared in kotlin.jvm.internal.invokeDynamic.<fake>' type=kotlin.Any
        modifier: GET_VAR 'val tmp1_modifier: androidx.compose.ui.Modifier [val] declared in com.yanchelenko.piggybank.presentation.ScannerScreenKt.ScannerScreen' type=androidx.compose.ui.Modifier origin=null
        update: COMPOSITE type=kotlin.Function1<T of androidx.compose.ui.viewinterop.AndroidView_androidKt.AndroidView$default, kotlin.Unit>? origin=DEFAULT_VALUE
          CONST Null type=kotlin.Function1<T of androidx.compose.ui.viewinterop.AndroidView_androidKt.AndroidView$default, kotlin.Unit>? value=null
        $mask0: CONST Int type=kotlin.Int value=4
        $handler: CONST Null type=kotlin.Any? value=null
    WHEN type=kotlin.Unit origin=IF
      BRANCH
        if: CALL 'private final fun ScannerScreen$lambda$4 ($qrCodeDetected$delegate: androidx.compose.runtime.MutableState<kotlin.Boolean>): kotlin.Boolean declared in com.yanchelenko.piggybank.presentation.ScannerScreenKt' type=kotlin.Boolean origin=GET_LOCAL_PROPERTY
          $qrCodeDetected$delegate: GET_VAR 'val qrCodeDetected$delegate: androidx.compose.runtime.MutableState<kotlin.Boolean> [val] declared in com.yanchelenko.piggybank.presentation.ScannerScreenKt.ScannerScreen' type=androidx.compose.runtime.MutableState<kotlin.Boolean> origin=null
        then: BLOCK type=kotlin.Unit origin=null
          CALL 'public final fun LaunchedEffect (key1: kotlin.Any?, block: @[ExtensionFunctionType] kotlin.coroutines.SuspendFunction1<kotlinx.coroutines.CoroutineScope, kotlin.Unit>): kotlin.Unit declared in androidx.compose.runtime.EffectsKt' type=kotlin.Unit origin=null
            key1: GET_FIELD 'FIELD FIELD_FOR_OBJECT_INSTANCE name:INSTANCE type:kotlin.Unit visibility:public [final,static]' type=kotlin.Unit origin=null
            block: BLOCK type=com.yanchelenko.piggybank.presentation.ScannerScreenKt.ScannerScreen.<no name provided> origin=null
              CLASS SUSPEND_LAMBDA CLASS name:<no name provided> modality:FINAL visibility:public/*package*/ superTypes:[kotlin.coroutines.jvm.internal.SuspendLambda; kotlin.jvm.functions.Function2<kotlinx.coroutines.CoroutineScope, kotlin.coroutines.Continuation<kotlin.Unit>?, kotlin.Any?>]
                $this: VALUE_PARAMETER INSTANCE_RECEIVER name:<this> type:com.yanchelenko.piggybank.presentation.ScannerScreenKt.ScannerScreen.<no name provided>
                FIELD name:label type:kotlin.Int visibility:public/*package*/
                CONSTRUCTOR SUSPEND_LAMBDA visibility:public/*package*/ <> ($onQrCodeDetected:kotlin.Function1<kotlin.String, kotlin.Unit>, $barcode$delegate:androidx.compose.runtime.MutableState<kotlin.String?>, $completion:kotlin.coroutines.Continuation<com.yanchelenko.piggybank.presentation.ScannerScreenKt.ScannerScreen.<no name provided>>?) returnType:com.yanchelenko.piggybank.presentation.ScannerScreenKt.ScannerScreen.<no name provided> [primary]
                  VALUE_PARAMETER BOUND_VALUE_PARAMETER name:$onQrCodeDetected index:0 type:kotlin.Function1<kotlin.String, kotlin.Unit>
                  VALUE_PARAMETER BOUND_VALUE_PARAMETER name:$barcode$delegate index:1 type:androidx.compose.runtime.MutableState<kotlin.String?>
                  VALUE_PARAMETER name:$completion index:2 type:kotlin.coroutines.Continuation<com.yanchelenko.piggybank.presentation.ScannerScreenKt.ScannerScreen.<no name provided>>?
                  BLOCK_BODY
                    SET_FIELD 'FIELD FIELD_FOR_CAPTURED_VALUE name:$onQrCodeDetected type:kotlin.Function1<kotlin.String, kotlin.Unit> visibility:public/*package*/ [final]' type=kotlin.Unit origin=INITIALIZER_OF_FIELD_FOR_CAPTURED_VALUE
                      receiver: GET_VAR '<this>: com.yanchelenko.piggybank.presentation.ScannerScreenKt.ScannerScreen.<no name provided> declared in com.yanchelenko.piggybank.presentation.ScannerScreenKt.ScannerScreen.<no name provided>' type=com.yanchelenko.piggybank.presentation.ScannerScreenKt.ScannerScreen.<no name provided> origin=null
                      value: GET_VAR '$onQrCodeDetected: kotlin.Function1<kotlin.String, kotlin.Unit> declared in com.yanchelenko.piggybank.presentation.ScannerScreenKt.ScannerScreen.<no name provided>.<init>' type=kotlin.Function1<kotlin.String, kotlin.Unit> origin=null
                    SET_FIELD 'FIELD FIELD_FOR_CAPTURED_VALUE name:$barcode$delegate type:androidx.compose.runtime.MutableState<kotlin.String?> visibility:public/*package*/ [final]' type=kotlin.Unit origin=INITIALIZER_OF_FIELD_FOR_CAPTURED_VALUE
                      receiver: GET_VAR '<this>: com.yanchelenko.piggybank.presentation.ScannerScreenKt.ScannerScreen.<no name provided> declared in com.yanchelenko.piggybank.presentation.ScannerScreenKt.ScannerScreen.<no name provided>' type=com.yanchelenko.piggybank.presentation.ScannerScreenKt.ScannerScreen.<no name provided> origin=null
                      value: GET_VAR '$barcode$delegate: androidx.compose.runtime.MutableState<kotlin.String?> declared in com.yanchelenko.piggybank.presentation.ScannerScreenKt.ScannerScreen.<no name provided>.<init>' type=androidx.compose.runtime.MutableState<kotlin.String?> origin=null
                    DELEGATING_CONSTRUCTOR_CALL 'public constructor <init> (arity: kotlin.Int, $completion: kotlin.coroutines.Continuation<kotlin.Any?>?) declared in kotlin.coroutines.jvm.internal.SuspendLambda'
                      arity: CONST Int type=kotlin.Int value=2
                      $completion: GET_VAR '$completion: kotlin.coroutines.Continuation<com.yanchelenko.piggybank.presentation.ScannerScreenKt.ScannerScreen.<no name provided>>? declared in com.yanchelenko.piggybank.presentation.ScannerScreenKt.ScannerScreen.<no name provided>.<init>' type=kotlin.coroutines.Continuation<com.yanchelenko.piggybank.presentation.ScannerScreenKt.ScannerScreen.<no name provided>>? origin=null
                    BLOCK type=kotlin.Unit origin=null
                FUN name:invokeSuspend visibility:public modality:FINAL <> ($this:com.yanchelenko.piggybank.presentation.ScannerScreenKt.ScannerScreen.<no name provided>, $result:kotlin.Result<kotlin.Any?>) returnType:kotlin.Any?
                  overridden:
                    protected abstract fun invokeSuspend ($result: kotlin.Result<kotlin.Any?>): kotlin.Any? declared in kotlin.coroutines.jvm.internal.SuspendLambda
                  $this: VALUE_PARAMETER INSTANCE_RECEIVER name:<this> type:com.yanchelenko.piggybank.presentation.ScannerScreenKt.ScannerScreen.<no name provided>
                  VALUE_PARAMETER name:$result index:0 type:kotlin.Result<kotlin.Any?>
                  BLOCK_BODY
                    CALL 'public final fun delay (timeMillis: kotlin.Long, $completion: kotlin.coroutines.Continuation<kotlin.Unit>): kotlin.Any? [suspend] declared in kotlinx.coroutines.DelayKt' type=kotlin.Unit origin=null
                      timeMillis: CONST Long type=kotlin.Long value=100
                      $completion: GET_VAR '<this>: com.yanchelenko.piggybank.presentation.ScannerScreenKt.ScannerScreen.<no name provided> declared in com.yanchelenko.piggybank.presentation.ScannerScreenKt.ScannerScreen.<no name provided>.invokeSuspend' type=com.yanchelenko.piggybank.presentation.ScannerScreenKt.ScannerScreen.<no name provided> origin=null
                    CALL 'public abstract fun invoke (p1: P1 of kotlin.Function1): R of kotlin.Function1 [operator] declared in kotlin.Function1' type=kotlin.Unit origin=INVOKE
                      $this: GET_FIELD 'FIELD FIELD_FOR_CAPTURED_VALUE name:$onQrCodeDetected type:kotlin.Function1<kotlin.String, kotlin.Unit> visibility:public/*package*/ [final]' type=kotlin.Function1<kotlin.String, kotlin.Unit> origin=null
                        receiver: GET_VAR '<this>: com.yanchelenko.piggybank.presentation.ScannerScreenKt.ScannerScreen.<no name provided> declared in com.yanchelenko.piggybank.presentation.ScannerScreenKt.ScannerScreen.<no name provided>.invokeSuspend' type=com.yanchelenko.piggybank.presentation.ScannerScreenKt.ScannerScreen.<no name provided> origin=null
                      p1: BLOCK type=kotlin.String origin=FOLDED_ELVIS
                        WHEN type=kotlin.String origin=FOLDED_ELVIS
                          BRANCH
                            if: COMPOSITE type=kotlin.Boolean origin=null
                              VAR IR_TEMPORARY_VARIABLE name:tmp0_elvis_lhs type:kotlin.String? [val]
                                CALL 'public final fun access$ScannerScreen$lambda$1 ($barcode$delegate: androidx.compose.runtime.MutableState<kotlin.String?>): kotlin.String? declared in com.yanchelenko.piggybank.presentation.ScannerScreenKt' type=kotlin.String? origin=GET_LOCAL_PROPERTY
                                  $barcode$delegate: GET_FIELD 'FIELD FIELD_FOR_CAPTURED_VALUE name:$barcode$delegate type:androidx.compose.runtime.MutableState<kotlin.String?> visibility:public/*package*/ [final]' type=androidx.compose.runtime.MutableState<kotlin.String?> origin=null
                                    receiver: GET_VAR '<this>: com.yanchelenko.piggybank.presentation.ScannerScreenKt.ScannerScreen.<no name provided> declared in com.yanchelenko.piggybank.presentation.ScannerScreenKt.ScannerScreen.<no name provided>.invokeSuspend' type=com.yanchelenko.piggybank.presentation.ScannerScreenKt.ScannerScreen.<no name provided> origin=null
                              CALL 'public final fun not (): kotlin.Boolean [operator] declared in kotlin.Boolean' type=kotlin.Boolean origin=null
                                $this: CALL 'public final fun EQEQ (arg0: kotlin.Any?, arg1: kotlin.Any?): kotlin.Boolean declared in kotlin.internal.ir' type=kotlin.Boolean origin=null
                                  arg0: GET_VAR 'val tmp0_elvis_lhs: kotlin.String? [val] declared in com.yanchelenko.piggybank.presentation.ScannerScreenKt.ScannerScreen.<no name provided>.invokeSuspend' type=kotlin.String? origin=null
                                  arg1: CONST Null type=kotlin.Nothing? value=null
                            then: GET_VAR 'val tmp0_elvis_lhs: kotlin.String? [val] declared in com.yanchelenko.piggybank.presentation.ScannerScreenKt.ScannerScreen.<no name provided>.invokeSuspend' type=kotlin.String? origin=null
                          BRANCH
                            if: CONST Boolean type=kotlin.Boolean value=true
                            then: CONST String type=kotlin.String value=""
                FUN name:create visibility:public modality:FINAL <> ($this:com.yanchelenko.piggybank.presentation.ScannerScreenKt.ScannerScreen.<no name provided>, value:kotlin.Any?, $completion:kotlin.coroutines.Continuation<kotlin.Nothing>) returnType:kotlin.coroutines.Continuation<kotlin.Unit>
                  overridden:
                    public open fun create (value: kotlin.Any?, $completion: kotlin.coroutines.Continuation<kotlin.Nothing>): kotlin.coroutines.Continuation<kotlin.Unit> declared in kotlin.coroutines.jvm.internal.SuspendLambda
                  $this: VALUE_PARAMETER INSTANCE_RECEIVER name:<this> type:com.yanchelenko.piggybank.presentation.ScannerScreenKt.ScannerScreen.<no name provided>
                  VALUE_PARAMETER name:value index:0 type:kotlin.Any?
                  VALUE_PARAMETER name:$completion index:1 type:kotlin.coroutines.Continuation<kotlin.Nothing>
                  BLOCK_BODY
                    RETURN type=kotlin.Nothing from='public final fun create (value: kotlin.Any?, $completion: kotlin.coroutines.Continuation<kotlin.Nothing>): kotlin.coroutines.Continuation<kotlin.Unit> declared in com.yanchelenko.piggybank.presentation.ScannerScreenKt.ScannerScreen.<no name provided>'
                      CONSTRUCTOR_CALL 'public/*package*/ constructor <init> ($onQrCodeDetected: kotlin.Function1<kotlin.String, kotlin.Unit>, $barcode$delegate: androidx.compose.runtime.MutableState<kotlin.String?>, $completion: kotlin.coroutines.Continuation<com.yanchelenko.piggybank.presentation.ScannerScreenKt.ScannerScreen.<no name provided>>?) [primary] declared in com.yanchelenko.piggybank.presentation.ScannerScreenKt.ScannerScreen.<no name provided>' type=com.yanchelenko.piggybank.presentation.ScannerScreenKt.ScannerScreen.<no name provided> origin=null
                        $onQrCodeDetected: GET_FIELD 'FIELD FIELD_FOR_CAPTURED_VALUE name:$onQrCodeDetected type:kotlin.Function1<kotlin.String, kotlin.Unit> visibility:public/*package*/ [final]' type=kotlin.Function1<kotlin.String, kotlin.Unit> origin=null
                          receiver: GET_VAR '<this>: com.yanchelenko.piggybank.presentation.ScannerScreenKt.ScannerScreen.<no name provided> declared in com.yanchelenko.piggybank.presentation.ScannerScreenKt.ScannerScreen.<no name provided>.create' type=com.yanchelenko.piggybank.presentation.ScannerScreenKt.ScannerScreen.<no name provided> origin=null
                        $barcode$delegate: GET_FIELD 'FIELD FIELD_FOR_CAPTURED_VALUE name:$barcode$delegate type:androidx.compose.runtime.MutableState<kotlin.String?> visibility:public/*package*/ [final]' type=androidx.compose.runtime.MutableState<kotlin.String?> origin=null
                          receiver: GET_VAR '<this>: com.yanchelenko.piggybank.presentation.ScannerScreenKt.ScannerScreen.<no name provided> declared in com.yanchelenko.piggybank.presentation.ScannerScreenKt.ScannerScreen.<no name provided>.create' type=com.yanchelenko.piggybank.presentation.ScannerScreenKt.ScannerScreen.<no name provided> origin=null
                        $completion: GET_VAR '$completion: kotlin.coroutines.Continuation<kotlin.Nothing> declared in com.yanchelenko.piggybank.presentation.ScannerScreenKt.ScannerScreen.<no name provided>.create' type=kotlin.coroutines.Continuation<kotlin.Nothing> origin=null
                FUN name:invoke visibility:public modality:FINAL <> ($this:com.yanchelenko.piggybank.presentation.ScannerScreenKt.ScannerScreen.<no name provided>, p1:kotlinx.coroutines.CoroutineScope, p2:kotlin.coroutines.Continuation<kotlin.Unit>?) returnType:kotlin.Any?
                  overridden:
                    public abstract fun invoke (p1: P1 of kotlin.jvm.functions.Function2, p2: P2 of kotlin.jvm.functions.Function2): R of kotlin.jvm.functions.Function2 declared in kotlin.jvm.functions.Function2
                  $this: VALUE_PARAMETER INSTANCE_RECEIVER name:<this> type:com.yanchelenko.piggybank.presentation.ScannerScreenKt.ScannerScreen.<no name provided>
                  VALUE_PARAMETER name:p1 index:0 type:kotlinx.coroutines.CoroutineScope
                  VALUE_PARAMETER name:p2 index:1 type:kotlin.coroutines.Continuation<kotlin.Unit>?
                  BLOCK_BODY
                    RETURN type=kotlin.Nothing from='public final fun invoke (p1: kotlinx.coroutines.CoroutineScope, p2: kotlin.coroutines.Continuation<kotlin.Unit>?): kotlin.Any? declared in com.yanchelenko.piggybank.presentation.ScannerScreenKt.ScannerScreen.<no name provided>'
                      CALL 'public final fun invokeSuspend ($result: kotlin.Result<kotlin.Any?>): kotlin.Any? declared in com.yanchelenko.piggybank.presentation.ScannerScreenKt.ScannerScreen.<no name provided>' type=kotlin.Any? origin=null
                        $this: TYPE_OP type=com.yanchelenko.piggybank.presentation.ScannerScreenKt.ScannerScreen.<no name provided> origin=IMPLICIT_CAST typeOperand=com.yanchelenko.piggybank.presentation.ScannerScreenKt.ScannerScreen.<no name provided>
                          CALL 'public final fun create (value: kotlin.Any?, $completion: kotlin.coroutines.Continuation<kotlin.Nothing>): kotlin.coroutines.Continuation<kotlin.Unit> declared in com.yanchelenko.piggybank.presentation.ScannerScreenKt.ScannerScreen.<no name provided>' type=kotlin.coroutines.Continuation<kotlin.Unit> origin=null
                            $this: GET_VAR '<this>: com.yanchelenko.piggybank.presentation.ScannerScreenKt.ScannerScreen.<no name provided> declared in com.yanchelenko.piggybank.presentation.ScannerScreenKt.ScannerScreen.<no name provided>.invoke' type=com.yanchelenko.piggybank.presentation.ScannerScreenKt.ScannerScreen.<no name provided> origin=null
                            value: GET_VAR 'p1: kotlinx.coroutines.CoroutineScope declared in com.yanchelenko.piggybank.presentation.ScannerScreenKt.ScannerScreen.<no name provided>.invoke' type=kotlinx.coroutines.CoroutineScope origin=null
                            $completion: GET_VAR 'p2: kotlin.coroutines.Continuation<kotlin.Unit>? declared in com.yanchelenko.piggybank.presentation.ScannerScreenKt.ScannerScreen.<no name provided>.invoke' type=kotlin.coroutines.Continuation<kotlin.Unit>? origin=null
                        $result: CALL 'public final fun <unsafe-coerce> <T, R> (v: T of kotlin.jvm.internal.<unsafe-coerce>): R of kotlin.jvm.internal.<unsafe-coerce> declared in kotlin.jvm.internal' type=kotlin.Result<kotlin.Any?> origin=null
                          <T>: kotlin.Any?
                          <R>: kotlin.Result<kotlin.Any?>
                          v: GET_FIELD 'FIELD FIELD_FOR_OBJECT_INSTANCE name:INSTANCE type:kotlin.Unit visibility:public [final,static]' type=kotlin.Unit origin=null
                FIELD FIELD_FOR_CAPTURED_VALUE name:$onQrCodeDetected type:kotlin.Function1<kotlin.String, kotlin.Unit> visibility:public/*package*/ [final]
                FIELD FIELD_FOR_CAPTURED_VALUE name:$barcode$delegate type:androidx.compose.runtime.MutableState<kotlin.String?> visibility:public/*package*/ [final]
                FUN BRIDGE name:invoke visibility:public modality:OPEN <> ($this:com.yanchelenko.piggybank.presentation.ScannerScreenKt.ScannerScreen.<no name provided>, p1:kotlin.Any?, p2:kotlin.Any?) returnType:kotlin.Any?
                  $this: VALUE_PARAMETER INSTANCE_RECEIVER name:<this> type:com.yanchelenko.piggybank.presentation.ScannerScreenKt.ScannerScreen.<no name provided>
                  VALUE_PARAMETER BRIDGE name:p1 index:0 type:kotlin.Any?
                  VALUE_PARAMETER BRIDGE name:p2 index:1 type:kotlin.Any?
                  EXPRESSION_BODY
                    RETURN type=kotlin.Nothing from='public open fun invoke (p1: kotlin.Any?, p2: kotlin.Any?): kotlin.Any? declared in com.yanchelenko.piggybank.presentation.ScannerScreenKt.ScannerScreen.<no name provided>'
                      CALL 'public final fun invoke (p1: kotlinx.coroutines.CoroutineScope, p2: kotlin.coroutines.Continuation<kotlin.Unit>?): kotlin.Any? declared in com.yanchelenko.piggybank.presentation.ScannerScreenKt.ScannerScreen.<no name provided>' type=kotlin.Any? origin=BRIDGE_DELEGATION
                        $this: GET_VAR '<this>: com.yanchelenko.piggybank.presentation.ScannerScreenKt.ScannerScreen.<no name provided> declared in com.yanchelenko.piggybank.presentation.ScannerScreenKt.ScannerScreen.<no name provided>.invoke' type=com.yanchelenko.piggybank.presentation.ScannerScreenKt.ScannerScreen.<no name provided> origin=null
                        p1: TYPE_OP type=kotlinx.coroutines.CoroutineScope origin=IMPLICIT_CAST typeOperand=kotlinx.coroutines.CoroutineScope
                          GET_VAR 'p1: kotlin.Any? declared in com.yanchelenko.piggybank.presentation.ScannerScreenKt.ScannerScreen.<no name provided>.invoke' type=kotlin.Any? origin=null
                        p2: TYPE_OP type=kotlin.coroutines.Continuation<*> origin=IMPLICIT_CAST typeOperand=kotlin.coroutines.Continuation<*>
                          GET_VAR 'p2: kotlin.Any? declared in com.yanchelenko.piggybank.presentation.ScannerScreenKt.ScannerScreen.<no name provided>.invoke' type=kotlin.Any? origin=null
              CONSTRUCTOR_CALL 'public/*package*/ constructor <init> ($onQrCodeDetected: kotlin.Function1<kotlin.String, kotlin.Unit>, $barcode$delegate: androidx.compose.runtime.MutableState<kotlin.String?>, $completion: kotlin.coroutines.Continuation<com.yanchelenko.piggybank.presentation.ScannerScreenKt.ScannerScreen.<no name provided>>?) [primary] declared in com.yanchelenko.piggybank.presentation.ScannerScreenKt.ScannerScreen.<no name provided>' type=com.yanchelenko.piggybank.presentation.ScannerScreenKt.ScannerScreen.<no name provided> origin=null
                $onQrCodeDetected: GET_VAR 'onQrCodeDetected: kotlin.Function1<kotlin.String, kotlin.Unit> declared in com.yanchelenko.piggybank.presentation.ScannerScreenKt.ScannerScreen' type=kotlin.Function1<kotlin.String, kotlin.Unit> origin=null
                $barcode$delegate: GET_VAR 'val barcode$delegate: androidx.compose.runtime.MutableState<kotlin.String?> [val] declared in com.yanchelenko.piggybank.presentation.ScannerScreenKt.ScannerScreen' type=androidx.compose.runtime.MutableState<kotlin.String?> origin=null
                $completion: CONST Null type=kotlin.Nothing? value=null
          CALL 'public final fun DrawRectangle (rect: android.graphics.Rect?): kotlin.Unit declared in com.yanchelenko.piggybank.presentation.ScannerScreenKt' type=kotlin.Unit origin=null
            rect: CALL 'private final fun ScannerScreen$lambda$7 ($boundingRect$delegate: androidx.compose.runtime.MutableState<android.graphics.Rect?>): android.graphics.Rect? declared in com.yanchelenko.piggybank.presentation.ScannerScreenKt' type=android.graphics.Rect? origin=GET_LOCAL_PROPERTY
              $boundingRect$delegate: GET_VAR 'val boundingRect$delegate: androidx.compose.runtime.MutableState<android.graphics.Rect?> [val] declared in com.yanchelenko.piggybank.presentation.ScannerScreenKt.ScannerScreen' type=androidx.compose.runtime.MutableState<android.graphics.Rect?> origin=null

	at org.jetbrains.kotlin.backend.jvm.codegen.FunctionCodegen.generate(FunctionCodegen.kt:50)
	at org.jetbrains.kotlin.backend.jvm.codegen.FunctionCodegen.generate$default(FunctionCodegen.kt:42)
	at org.jetbrains.kotlin.backend.jvm.codegen.ClassCodegen.generateMethodNode(ClassCodegen.kt:385)
	at org.jetbrains.kotlin.backend.jvm.codegen.ClassCodegen.generateMethod(ClassCodegen.kt:402)
	at org.jetbrains.kotlin.backend.jvm.codegen.ClassCodegen.generate(ClassCodegen.kt:169)
	at org.jetbrains.kotlin.backend.jvm.FileCodegen.lower(JvmPhases.kt:41)
	at org.jetbrains.kotlin.backend.common.phaser.PhaseBuildersKt.makeIrFilePhase$lambda$5(PhaseBuilders.kt:114)
	at org.jetbrains.kotlin.backend.common.phaser.PhaseBuildersKt$createSimpleNamedCompilerPhase$1.phaseBody(PhaseBuilders.kt:71)
	at org.jetbrains.kotlin.backend.common.phaser.SimpleNamedCompilerPhase.phaseBody(CompilerPhase.kt:226)
	at org.jetbrains.kotlin.backend.common.phaser.AbstractNamedCompilerPhase.invoke(CompilerPhase.kt:113)
	at org.jetbrains.kotlin.backend.common.phaser.PerformByIrFilePhase.invokeSequential(performByIrFile.kt:62)
	... 44 more
Caused by: org.jetbrains.kotlin.codegen.CompilationException: Back-end (JVM) Internal error: Couldn't inline method call: CALL 'public final fun remember <T> (calculation: @[DisallowComposableCalls] kotlin.Function0<T of androidx.compose.runtime.ComposablesKt.remember>): T of androidx.compose.runtime.ComposablesKt.remember [inline] declared in androidx.compose.runtime.ComposablesKt' type=androidx.compose.runtime.MutableState<kotlin.String?> origin=null
Method: null
File is unknown
The root cause java.lang.IllegalStateException was thrown at: org.jetbrains.kotlin.codegen.inline.SourceCompilerForInlineKt.getMethodNode(SourceCompilerForInline.kt:118)
	at org.jetbrains.kotlin.codegen.inline.InlineCodegen.performInline(InlineCodegen.kt:65)
	at org.jetbrains.kotlin.backend.jvm.codegen.IrInlineCodegen.genInlineCall(IrInlineCodegen.kt:162)
	at org.jetbrains.kotlin.backend.jvm.codegen.IrInlineCallGenerator.genCall(IrInlineCallGenerator.kt:36)
	at org.jetbrains.kotlin.backend.jvm.codegen.ExpressionCodegen.visitCall(ExpressionCodegen.kt:647)
	at org.jetbrains.kotlin.backend.jvm.codegen.ExpressionCodegen.visitCall(ExpressionCodegen.kt:137)
	at org.jetbrains.kotlin.ir.expressions.IrCall.accept(IrCall.kt:24)
	at org.jetbrains.kotlin.backend.jvm.codegen.ExpressionCodegen.visitVariable(ExpressionCodegen.kt:784)
	at org.jetbrains.kotlin.backend.jvm.codegen.ExpressionCodegen.visitVariable(ExpressionCodegen.kt:137)
	at org.jetbrains.kotlin.ir.declarations.IrVariable.accept(IrVariable.kt:36)
	at org.jetbrains.kotlin.backend.jvm.codegen.ExpressionCodegen.visitStatementContainer(ExpressionCodegen.kt:573)
	at org.jetbrains.kotlin.backend.jvm.codegen.ExpressionCodegen.visitBlockBody(ExpressionCodegen.kt:578)
	at org.jetbrains.kotlin.backend.jvm.codegen.ExpressionCodegen.visitBlockBody(ExpressionCodegen.kt:137)
	at org.jetbrains.kotlin.ir.expressions.IrBlockBody.accept(IrBlockBody.kt:20)
	at org.jetbrains.kotlin.backend.jvm.codegen.ExpressionCodegen.generate(ExpressionCodegen.kt:239)
	at org.jetbrains.kotlin.backend.jvm.codegen.FunctionCodegen.doGenerate(FunctionCodegen.kt:121)
	at org.jetbrains.kotlin.backend.jvm.codegen.FunctionCodegen.generate(FunctionCodegen.kt:46)
	... 54 more
Caused by: java.lang.IllegalStateException: couldn't find inline method Landroidx/compose/runtime/ComposablesKt;.remember(Lkotlin/jvm/functions/Function0;)Ljava/lang/Object;
	at org.jetbrains.kotlin.codegen.inline.SourceCompilerForInlineKt.getMethodNode(SourceCompilerForInline.kt:118)
	at org.jetbrains.kotlin.codegen.inline.SourceCompilerForInlineKt.loadCompiledInlineFunction(SourceCompilerForInline.kt:96)
	at org.jetbrains.kotlin.backend.jvm.codegen.IrSourceCompilerForInline.compileInlineFunction(IrSourceCompilerForInline.kt:91)
	at org.jetbrains.kotlin.codegen.inline.InlineCodegen.compileInline(InlineCodegen.kt:43)
	at org.jetbrains.kotlin.codegen.inline.InlineCodegen.performInline(InlineCodegen.kt:51)
	... 69 more


